虚拟用户脚本已从 : 2019-08-01 17:58:09 启动
正在开始操作 vuser_init。
WIN32 版 LoadRunner 11.0.0 的 Web Turbo 重播; 内部版本 8859 (Aug 18 2010 20:14:31)  	[MsgId: MMSG-27143]
Run Mode: HTML  	[MsgId: MMSG-26000]
运行时设置文件: "D:\性能测试\云考试C05\StudentReport\\default.cfg"  	[MsgId: MMSG-27141]
vuser_init.c(6): 通知: 参数替换:参数“username”=“x202171”
vuser_init.c(8): 通知: 参数替换:参数“password”=“123456”
base64.h(42): 通知: 保存参数“loginId = dXNlcm5hbWU9eDIwMjE3MSZwYXNzd29yZD0xMjM0NTY=”。
vuser_init.c(10): 通知: 参数替换:参数“loginId”=“dXNlcm5hbWU9eDIwMjE3MSZwYXNzd29yZD0xMjM0NTY=”
vuser_init.c(10): loginId:dXNlcm5hbWU9eDIwMjE3MSZwYXNzd29yZD0xMjM0NTY=
vuser_init.c(11): 通知: 保存参数“timeStamp = 1564653489488”。
vuser_init.c(11): web_save_timestamp_param("web_save_timestamp_param") 已成功  	[MsgId: MMSG-26392]
vuser_init.c(34): 通知: 事务 "login" 已启动。
vuser_init.c(36): 注册 web_reg_save_param 成功  	[MsgId: MMSG-26390]
vuser_init.c(37): 注册 web_reg_save_param 成功  	[MsgId: MMSG-26390]
vuser_init.c(38): 注册 web_reg_save_param 成功  	[MsgId: MMSG-26390]
vuser_init.c(40): 通知: 参数替换:参数“IP”=“192.168.130.65:8029”
vuser_init.c(40): 通知: 参数替换:参数“timeStamp”=“1564653489488”
vuser_init.c(40): 通知: 参数替换:参数“loginId”=“dXNlcm5hbWU9eDIwMjE3MSZwYXNzd29yZD0xMjM0NTY=”
vuser_init.c(40): 通知: 保存参数“HttpCode = 200”。
vuser_init.c(40): 通知: 保存参数“LoginResultCode = x202171”。
vuser_init.c(40): 通知: 保存参数“result = {"serverResult":{"resultCode":0,"resultMessage":null,"internalMessage":null},"userLoginInfo":{"uuid":null,"loginId":null,"password":null,"userId":"CCE0715600000000485","userType":"1","externalId":"x202171","loginName":"x202171","loginEmail":"","loginMobile":"","idCardNo":"","staticPassword":"a83a68c6e9967731","createTime":1564481343876,"currentLoginTime":1564651786058,"lastLoginTime":1564651254681,"lastModifyTime":1564651786059,"isEduAdmin":"0","oldIsEduAdmin":null,"isResearch":null,"cloudzoneQrcodePath":null,"status":"1","lastLockedTime":null,"lastLoginFailedTime":null,"loginFailedCount":0,"passwordType":"1","isOnline":true,"realName":"x202171","isLocked":false,"orgId":"TWDEVS1200000001487","orgType":null,"orgName":null,"orgEduInfo":null,"userLoginLogList":[{"logId":"CCE07158769","userId":"CCE0715600000000485","ipAddress":null,"userName":"x202171","systemNumber":null,"loginTime":1564653490457,"loginOutTime":null,"systemName":null,"deviceId":null}],"cashAmount":null,"redPacketAmount":null,"attrStatus":null,"portraitUrl":null,"portraitPath":null,"fileSize":null,"childId":null,"nickName":null,"integraValue":0.0,"imgUrl":null,"integra":null,"integralOperate":"1","classId":null,"grade":null,"sex":null,"fatherPhone":null,"fatherName":null,"motherPhone":null,"motherName":null,"appId":null,"teacherType":null,"loginToken":null,"decryptLoginName":null},"goToUrl":"page/student/main"}”。
vuser_init.c(40): web_submit_data("login") 已成功，1396 个正文字节，214 个标头字节，12 个成块开销字节  	[MsgId: MMSG-26385]
vuser_init.c(52): 通知: 参数替换:参数“result”=“{"serverResult":{"resultCode":0,"resultMessage":null,"internalMessage":null},"userLoginInfo":{"uuid":null,"loginId":null,"password":null,"userId":"CCE0715600000000485","userType":"1","externalId":"x202171","loginName":"x202171","loginEmail":"","loginMobile":"","idCardNo":"","staticPassword":"a83a68c6e9967731","createTime":1564481343876,"currentLoginTime":1564651786058,"lastLoginTime":1564651254681,"lastModifyTime":1564651786059,"isEduAdmin":"0","oldIsEduAdmin":null,"isResearch":null,"cloudzoneQrcodePath":null,"status":"1","lastLockedTime":null,"lastLoginFailedTime":null,"loginFailedCount":0,"passwordType":"1","isOnline":true,"realName":"x202171","isLocked":false,"orgId":"TWDEVS1200000001487","orgType":null,"orgName":null,"orgEduInfo":null,"userLoginLogList":[{"logId":"CCE07158769","userId":"CCE0715600000000485","ipAddress":null,"userName":"x202171","systemNumber":null,"loginTime":1564653490457,"loginOutTime":null,"systemName":null,"deviceId":null}],"cashAmount":null,"redPacketAmount":null,"attrStatus":null,"portraitUrl":null,"portraitPath":null,"fileSize":null,"childId":null,"nickName":null,"integraValue":0.0,"imgUrl":null,"integra":null,"integralOperate":"1","classId":null,"grade":null,"sex":null,"fatherPhone":null,"fatherName":null,"motherPhone":null,"motherName":null,"appId":null,"teacherType":null,"loginToken":null,"decryptLoginName":null},"goToUrl":"page/student/main"}”
vuser_init.c(52): 通知: 保存参数“result_convert = {"serverResult":{"resultCode":0,"resultMessage":null,"internalMessage":null},"userLoginInfo":{"uuid":null,"loginId":null,"password":null,"userId":"CCE0715600000000485","userType":"1","externalId":"x202171","loginName":"x202171","loginEmail":"","loginMobile":"","idCardNo":"","staticPassword":"a83a68c6e9967731","createTime":1564481343876,"currentLoginTime":1564651786058,"lastLoginTime":1564651254681,"lastModifyTime":1564651786059,"isEduAdmin":"0","oldIsEduAdmin":null,"isResearch":null,"cloudzoneQrcodePath":null,"status":"1","lastLockedTime":null,"lastLoginFailedTime":null,"loginFailedCount":0,"passwordType":"1","isOnline":true,"realName":"x202171","isLocked":false,"orgId":"TWDEVS1200000001487","orgType":null,"orgName":null,"orgEduInfo":null,"userLoginLogList":[{"logId":"CCE07158769","userId":"CCE0715600000000485","ipAddress":null,"userName":"x202171","systemNumber":null,"loginTime":1564653490457,"loginOutTime":null,"systemName":null,"deviceId":null}],"cashAmount":null,"redPacketAmount":null,"attrStatus":null,"portraitUrl":null,"portraitPath":null,"fileSize":null,"childId":null,"nickName":null,"integraValue":0.0,"imgUrl":null,"integra":null,"integralOperate":"1","classId":null,"grade":null,"sex":null,"fatherPhone":null,"fatherName":null,"motherPhone":null,"motherName":null,"appId":null,"teacherType":null,"loginToken":null,"decryptLoginName":null},"goToUrl":"page/student/main"}\x00”。
vuser_init.c(54): 通知: 参数替换:参数“HttpCode”=“200”
vuser_init.c(54): 通知: 参数替换:参数“LoginResultCode”=“x202171”
vuser_init.c(54): 通知: 参数替换:参数“username”=“x202171”
vuser_init.c(55): 通知: 事务 "login" 以 "Pass" 状态结束 (持续时间: 0.4802 浪费的时间: 0.3164)。
正在结束操作 vuser_init。
正在运行 Vuser...
正在开始迭代 1。
警告 -27077: “每次迭代模拟一个新用户”运行时设置为“开”时，“vuser_init”节将包含 Web 函数。这可能会产生具有多次迭代的不可预测结果  	[MsgId: MWAR-27077]
正在开始操作 Action。
Action.c(17): 通知: 参数替换:参数“examname”=“线上性能测试07”
Action.c(3): 通知: 保存参数“strUTF8 = 绾夸ц芥璇07\x00”。
Action.c(4): 通知: 参数替换:参数“strUTF8”=“绾夸ц芥璇07\x00”
Action.c(4): 通知: 保存参数“examname_URL = 绾夸ц芥璇07”。
Action.c(6): 警告 -26202: 无法获取“线上性能测试07”参数的值(Parameter_GetParameterExt rc=-1)  	[MsgId: MWAR-26202]
Action.c(6): web_convert_param 最高严重级别为“warning”  	[MsgId: MMSG-26391]
Action.c(19): 通知: 事务 "index" 已启动。
Action.c(20): 注册 web_reg_save_param 成功  	[MsgId: MMSG-26390]
Action.c(22): 通知: 参数替换:参数“IP”=“192.168.130.65:8029”
Action.c(22): 通知: 保存参数“HttpCode = 200”。
Action.c(22): 在 HTML“http://192.168.130.65:8029/examination/page/student/main”中找到资源“http://192.168.130.65:8029/examination/css/common/bootstrap.min.css?v=1564644299508”  	[MsgId: MMSG-26659]
Action.c(22): 在 HTML“http://192.168.130.65:8029/examination/page/student/main”中找到资源“http://192.168.130.65:8029/examination/css/common/zTreeStyle/zTreeStyle.css?v=1564644299508”  	[MsgId: MMSG-26659]
Action.c(22): 在 HTML“http://192.168.130.65:8029/examination/page/student/main”中找到资源“http://192.168.130.65:8029/examination/css/common/main_zh_cn.css?v=1564644299508”  	[MsgId: MMSG-26659]
Action.c(22): 在 HTML“http://192.168.130.65:8029/examination/page/student/main”中找到资源“http://192.168.130.65:8029/examination/js/lib/layer-v2.3/layer/skin/layer.css”  	[MsgId: MMSG-26659]
Action.c(22): 在 HTML“http://192.168.130.65:8029/examination/page/student/main”中找到资源“http://192.168.130.65:8029/examination/css/common/images/logo2.png”  	[MsgId: MMSG-26659]
Action.c(22): 在 HTML“http://192.168.130.65:8029/examination/page/student/main”中找到资源“http://192.168.130.65:8029/examination/js/base/??jquery/jquery-1.12.2.js,bootstrap/bootstrap.min-3.3.5.js,jquery/jquery.ztree.core.min-3.5.23.js,jquery/jquery.ztree.exhide.min.js,underscore/underscore.js”  	[MsgId: MMSG-26659]
Action.c(22): 在 HTML“http://192.168.130.65:8029/examination/page/student/main”中找到资源“http://192.168.130.65:8029/examination/js/lib/layer-v2.3/layer/layer.js”  	[MsgId: MMSG-26659]
Action.c(22): 在 HTML“http://192.168.130.65:8029/examination/page/student/main”中找到资源“http://192.168.130.65:8029/examination/js/base/My97DatePicker/WdatePicker.js”  	[MsgId: MMSG-26659]
Action.c(22): 在 HTML“http://192.168.130.65:8029/examination/page/student/main”中找到资源“http://192.168.130.65:8029/examination/js/base/??seajs/2.2.3/sea.min.js,seajs/2.2.3/seajs-combo.min.js,twui.js”  	[MsgId: MMSG-26659]
Action.c(22): 通知: 保存参数“HttpCode = 200”。
Action.c(22): 通知: 保存参数“HttpCode = 200”。
Action.c(22): 通知: 保存参数“HttpCode = 200”。
Action.c(22): 通知: 保存参数“HttpCode = 200”。
Action.c(22): 通知: 保存参数“HttpCode = 200”。
Action.c(22): 通知: 保存参数“HttpCode = 200”。
Action.c(22): 通知: 保存参数“HttpCode = 200”。
Action.c(22): 通知: 保存参数“HttpCode = 200”。
Action.c(22): 通知: 保存参数“HttpCode = 200”。
Action.c(22): 警告 -26376: 在 10 个不同的页面/帧中找到请求的参数“HttpCode”。通过更为严格的 LB/RB/RelFrameId 使用 web_reg_save_param  	[MsgId: MWAR-26376]
Action.c(22): 警告 -26373: 参数“HttpCode”已从资源保存(URL=“http://192.168.130.65:8029/examination/js/base/??seajs/2.2.3/sea.min.js,seajs/2.2.3/seajs-combo.min.js,twui.js”)  	[MsgId: MWAR-26373]
Action.c(22): web_custom_request("index") 最高严重级别为“warning”，577084 个正文字节，2099 个标头字节，718 个成块开销字节  	[MsgId: MMSG-26387]
Action.c(29): 通知: 参数替换:参数“HttpCode”=“200”
Action.c(30): 通知: 事务 "index" 以 "Pass" 状态结束 (持续时间: 0.2261 浪费的时间: 0.0648)。
Action.c(37): 通知: 事务 "queryExamInfoForPage" 已启动。
Action.c(40): 注册 web_reg_save_param 成功  	[MsgId: MMSG-26390]
Action.c(41): 注册 web_reg_save_param 成功  	[MsgId: MMSG-26390]
Action.c(42): 注册 web_reg_save_param 成功  	[MsgId: MMSG-26390]
Action.c(43): 注册 web_reg_save_param 成功  	[MsgId: MMSG-26390]
Action.c(44): 注册 web_reg_save_param 成功  	[MsgId: MMSG-26390]
Action.c(46): 通知: 参数替换:参数“IP”=“192.168.130.65:8029”
Action.c(46): 通知: 参数替换:参数“timeStamp”=“1564653489488”
Action.c(46): 通知: 参数替换:参数“examname_URL”=“绾夸ц芥璇07”
Action.c(46): 通知: 保存参数“HttpCode = 200”。
Action.c(46): 通知: 保存参数“examPlanId = CCE0715600000000076”。
Action.c(46): 通知: 保存参数“paperId = CCE0715200088”。
Action.c(46): 通知: 保存参数“examSubjectId = 100000000550”。
Action.c(46): 通知: 保存参数“result = {"serverResult":{"resultCode":0,"resultMessage":null,"internalMessage":null},"result":{"pageSize":4,"startRow":0,"currentPageSize":1,"totalSize":1,"currentPageNo":1,"totalPageCount":1,"resultList":[{"branchCode":null,"searchConditionList":[],"orderMethodList":[],"pageNo":1,"pageSize":10,"lang":null,"examPlanId":"CCE0715600000000076","examPlanName":"绾夸ц芥璇07","examDay":null,"examTime":null,"paperId":"CCE0715200088","respondStatus":"1","userId":null,"examGrade":null,"examSubject":"璇","examSubjectId":"100000000550","examLength":"10","examStatus":"2","examStartTime":"2019-08-01 16:49:00","examEndTime":"2019-08-01 17:19:00","examStartMode":"2","answerSheetSnapshot":null,"isOrNoOnlineExam":"1","paperType":"0"}],"hasNextPage":false,"nextPageNo":1,"isFirstPage":true,"previousPageNo":1,"hasPreviousPage":false,"isLastPage":true},"errors":null}”。
Action.c(46): web_submit_data("queryExamInfoForPage") 已成功，862 个正文字节，128 个标头字节，12 个成块开销字节  	[MsgId: MMSG-26385]
Action.c(58): 通知: 参数替换:参数“result”=“{"serverResult":{"resultCode":0,"resultMessage":null,"internalMessage":null},"result":{"pageSize":4,"startRow":0,"currentPageSize":1,"totalSize":1,"currentPageNo":1,"totalPageCount":1,"resultList":[{"branchCode":null,"searchConditionList":[],"orderMethodList":[],"pageNo":1,"pageSize":10,"lang":null,"examPlanId":"CCE0715600000000076","examPlanName":"绾夸ц芥璇07","examDay":null,"examTime":null,"paperId":"CCE0715200088","respondStatus":"1","userId":null,"examGrade":null,"examSubject":"璇","examSubjectId":"100000000550","examLength":"10","examStatus":"2","examStartTime":"2019-08-01 16:49:00","examEndTime":"2019-08-01 17:19:00","examStartMode":"2","answerSheetSnapshot":null,"isOrNoOnlineExam":"1","paperType":"0"}],"hasNextPage":false,"nextPageNo":1,"isFirstPage":true,"previousPageNo":1,"hasPreviousPage":false,"isLastPage":true},"errors":null}”
Action.c(58): 通知: 保存参数“result_convert = {"serverResult":{"resultCode":0,"resultMessage":null,"internalMessage":null},"result":{"pageSize":4,"startRow":0,"currentPageSize":1,"totalSize":1,"currentPageNo":1,"totalPageCount":1,"resultList":[{"branchCode":null,"searchConditionList":[],"orderMethodList":[],"pageNo":1,"pageSize":10,"lang":null,"examPlanId":"CCE0715600000000076","examPlanName":"线上性能测试07","examDay":null,"examTime":null,"paperId":"CCE0715200088","respondStatus":"1","userId":null,"examGrade":null,"examSubject":"语文","examSubjectId":"100000000550","examLength":"10","examStatus":"2","examStartTime":"2019-08-01 16:49:00","examEndTime":"2019-08-01 17:19:00","examStartMode":"2","answerSheetSnapshot":null,"isOrNoOnlineExam":"1","paperType":"0"}],"hasNextPage":false,"nextPageNo":1,"isFirstPage":true,"previousPageNo":1,"hasPreviousPage":false,"isLastPage":true},"errors":null}\x00”。
Action.c(60): 通知: 参数替换:参数“HttpCode”=“200”
Action.c(60): 通知: 参数替换:参数“examPlanId”=“CCE0715600000000076”
Action.c(61): 通知: 事务 "queryExamInfoForPage" 以 "Pass" 状态结束 (持续时间: 0.2606 浪费的时间: 0.0140)。
Action.c(69): web_add_auto_header("Accept") 已成功  	[MsgId: MMSG-26392]
Action.c(71): 通知: 事务 "examstart" 已启动。
Action.c(74): 注册 web_reg_save_param 成功  	[MsgId: MMSG-26390]
Action.c(75): 注册 web_reg_save_param 成功  	[MsgId: MMSG-26390]
Action.c(76): 注册 web_reg_save_param 成功  	[MsgId: MMSG-26390]
Action.c(78): 通知: 参数替换:参数“IP”=“192.168.130.65:8029”
Action.c(78): 通知: 参数替换:参数“paperId”=“CCE0715200088”
Action.c(78): 通知: 参数替换:参数“examPlanId”=“CCE0715600000000076”
Action.c(78): 通知: 参数替换:参数“examSubjectId”=“100000000550”
Action.c(78): 通知: 保存参数“HttpCode = 200”。
Action.c(78): 通知: 保存参数“result = {"resultCode":"0","paperStatusId":null}”。
Action.c(78): 发生错误后继续 -26377: 找不到所请求参数“paperStatusId”的匹配项。请检查响应数据中是否存在请求的边界。此外，如果要保存的数据超过 256 字节，请使用 web_set_max_html_param_len 增加参数大小  	[MsgId: MERR-26377]
Action.c(78): 通知: 保存参数“paperStatusId = ”。
Action.c(78): web_submit_data("examstart") 最高严重级别为“continue on error”，39 个正文字节，257 个标头字节，11 个成块开销字节  	[MsgId: MMSG-26387]
Action.c(78): 在 Vuser 脚本出现错误之后仍在继续。
Action.c(90): 通知: 参数替换:参数“result”=“{"resultCode":"0","paperStatusId":null}”
Action.c(90): 通知: 保存参数“result_convert = {"resultCode":"0","paperStatusId":null}\x00”。
Action.c(92): 通知: 参数替换:参数“HttpCode”=“200”
Action.c(92): 通知: 参数替换:参数“paperStatusId”=“”
Action.c(96): 通知: 参数替换:参数“result_convert”=“{"resultCode":"0","paperStatusId":null}\x00”
Action.c(96): result:{"resultCode":"0","paperStatusId":null}
Action.c(97): 通知: 事务 "examstart" 以 "Fail" 状态结束 (持续时间: 0.2239 浪费的时间: 0.0057)。
Action.c(101): 通知: 事务 "checkExamEnd" 已启动。
Action.c(103): 注册 web_reg_save_param 成功  	[MsgId: MMSG-26390]
Action.c(104): 注册 web_reg_save_param 成功  	[MsgId: MMSG-26390]
Action.c(106): 通知: 参数替换:参数“IP”=“192.168.130.65:8029”
Action.c(106): 通知: 参数替换:参数“examPlanId”=“CCE0715600000000076”
Action.c(106): 通知: 参数替换:参数“examSubjectId”=“100000000550”
Action.c(106): 通知: 保存参数“HttpCode = 200”。
Action.c(106): 通知: 保存参数“result = {"examStatus":null}”。
Action.c(106): web_submit_data("checkExamEnd") 已成功，19 个正文字节，257 个标头字节，11 个成块开销字节  	[MsgId: MMSG-26385]
Action.c(118): 通知: 参数替换:参数“result”=“{"examStatus":null}”
Action.c(118): 通知: 保存参数“result_convert = {"examStatus":null}\x00”。
Action.c(120): 通知: 参数替换:参数“HttpCode”=“200”
Action.c(121): 通知: 事务 "checkExamEnd" 以 "Pass" 状态结束 (持续时间: 0.1847 浪费的时间: 0.0089)。
Action.c(128): 通知: 事务 "exerciseDetail_before" 已启动。
Action.c(129): 注册 web_reg_save_param 成功  	[MsgId: MMSG-26390]
Action.c(131): 通知: 参数替换:参数“IP”=“192.168.130.65:8029”
Action.c(131): 通知: 参数替换:参数“paperId”=“CCE0715200088”
Action.c(131): 通知: 保存参数“HttpCode = 200”。
Action.c(131): 未对内容类型“application/json”执行 HTML 分析(“ParseHtmlContentType”运行时设置为“TEXT”)。URL=“http://192.168.130.65:8029/examination/paper/exerciseDetail?paperId=CCE0715200088&examType=1&paperType=0”  	[MsgId: MMSG-26548]
Action.c(131): web_custom_request("exerciseDetail_before") 已成功，2 个正文字节，257 个标头字节，10 个成块开销字节  	[MsgId: MMSG-26385]
Action.c(138): 通知: 参数替换:参数“HttpCode”=“200”
Action.c(139): 通知: 事务 "exerciseDetail_before" 以 "Pass" 状态结束 (持续时间: 0.1439 浪费的时间: 0.0038)。
Action.c(145): 集合 exam_ready
Action.c(151): 通知: 参数替换:参数“questionCount”=“1”
Action.c(153): 通知: 事务 "download_image" 已启动。
Action.c(155): 通知: 参数替换:参数“IP”=“192.168.130.65:8029”
Action.c(155): 通知: 参数 ImagePath = 1 [表 = ImagePath] 的下一行。
Action.c(155): 通知: 参数替换:参数“ImagePath”=“aiexam/2019/7/31/png/f9db30af-34e5-4822-ad19-1c4111d3992e.png”
Action.c(155): web_url("download_image") 已成功，5319 个正文字节，254 个标头字节，107 个成块开销字节  	[MsgId: MMSG-26385]
Action.c(161): 通知: 参数替换:参数“result”=“{"examStatus":null}”
Action.c(161): 通知: 保存参数“result_convert = {"examStatus":null}\x00”。
Action.c(163): 通知: 参数替换:参数“HttpCode”=“200”
Action.c(164): 通知: 事务 "download_image" 以 "Pass" 状态结束 (持续时间: 0.1253 浪费的时间: 0.0007)。
Action.c(172): 通知: 参数 typeLevel = 1 [表 = typeLevel] 的下一行。
Action.c(172): 通知: 正在获取参数“typeLevel”的新值:表 =“typeLevel.dat”列 =“0”行 =“1”。
Action.c(172): 通知: 参数替换:参数“typeLevel”=“1”
Action.c(172): 通知: 保存参数“type = 1”。
Action.c(173): 通知: 参数替换:参数“type”=“1”
Action.c(173): 通知: 保存参数“typeLevelLabelId = 1”。
Action.c(176): 通知: 参数替换:参数“questionCount”=“1”
Action.c(178): 通知: 参数替换:参数“paperStatusId”=“”
Action.c(179): 通知: 保存参数“saveAnswer = /examination/api/question/submit?paperStatusId=”。
Action.c(185): 通知: 参数替换:参数“type”=“1”
Action.c(226): 通知: 参数替换:参数“type”=“1”
Action.c(230): 通知: 事务 "saveAnswer_other" 已启动。
Action.c(232): 注册 web_reg_save_param 成功  	[MsgId: MMSG-26390]
Action.c(233): 注册 web_reg_save_param 成功  	[MsgId: MMSG-26390]
Action.c(235): 通知: 参数替换:参数“IP”=“192.168.130.65:8029”
Action.c(235): 通知: 参数替换:参数“saveAnswer”=“/examination/api/question/submit?paperStatusId=”
Action.c(235): 通知: 参数替换:参数“paperId”=“CCE0715200088”
Action.c(235): 通知: 参数替换:参数“examPlanId”=“CCE0715600000000076”
Action.c(235): 通知: 参数替换:参数“examSubjectId”=“100000000550”
Action.c(235): 通知: 参数 answer = 1 [表 = answer] 的下一行。
Action.c(235): 通知: 正在获取参数“answer”的新值:表 =“answer.dat”列 =“0”行 =“1”。
Action.c(235): 通知: 参数替换:参数“answer”=“0”
Action.c(235): 通知: 参数替换:参数“paperStatusId”=“”
Action.c(235): 通知: 正在获取参数“questionId”的新值:表 =“questionId.dat”列 =“0”行 =“1”。
Action.c(235): 通知: 参数替换:参数“questionId”=“CCE0715201977”
Action.c(235): 通知: 参数替换:参数“type”=“1”
Action.c(235): 通知: 参数替换:参数“typeLevelLabelId”=“1”
Action.c(235): 通知: 保存参数“HttpCode = 200”。
Action.c(235): 通知: 保存参数“result = {"resultCode":"-1"}”。
Action.c(235): web_custom_request("saveAnswer_other") 已成功，19 个正文字节，257 个标头字节，11 个成块开销字节  	[MsgId: MMSG-26385]
Action.c(255): 通知: 参数替换:参数“result”=“{"resultCode":"-1"}”
Action.c(255): 通知: 保存参数“result_convert = {"resultCode":"-1"}\x00”。
Action.c(257): 通知: 参数替换:参数“HttpCode”=“200”
Action.c(258): 通知: 事务 "saveAnswer_other" 以 "Pass" 状态结束 (持续时间: 0.2668 浪费的时间: 0.0034)。
Action.c(268): lr_think_time:5.00 秒。
Action.c(151): 通知: 参数替换:参数“questionCount”=“1”
Action.c(272): 通知: 事务 "exerciseDetail_after" 已启动。
Action.c(273): 注册 web_reg_save_param 成功  	[MsgId: MMSG-26390]
Action.c(275): 通知: 参数替换:参数“IP”=“192.168.130.65:8029”
Action.c(275): 通知: 参数替换:参数“paperId”=“CCE0715200088”
Action.c(275): 通知: 保存参数“HttpCode = 200”。
Action.c(275): 未对内容类型“application/json”执行 HTML 分析(“ParseHtmlContentType”运行时设置为“TEXT”)。URL=“http://192.168.130.65:8029/examination/paper/exerciseDetail?paperId=CCE0715200088&examType=1&paperType=0”  	[MsgId: MMSG-26548]
Action.c(275): web_custom_request("exerciseDetail_after") 已成功，2 个正文字节，257 个标头字节，10 个成块开销字节  	[MsgId: MMSG-26385]
Action.c(282): 通知: 参数替换:参数“HttpCode”=“200”
Action.c(283): 通知: 事务 "exerciseDetail_after" 以 "Pass" 状态结束 (持续时间: 0.1083 浪费的时间: 0.0039)。
正在结束操作 Action。
正在结束迭代 1。
正在结束 Vuser...
正在开始操作 vuser_end。
正在结束操作 vuser_end。
Vuser 已终止。
Vuser 0 (线程 30220)正常结束。"
