Action.c(51): 通知: 保存参数“result_convert = {"serverResult":{"resultCode":0,"resultMessage":null,"internalMessage":null},"userLoginInfo":{"uuid":null,"loginId":null,"password":null,"userId":"CCE0715600000000625","userType":"1","externalId":"s_bat231603_2年级1班51学生","loginName":"s_bat231603_2_1_51","loginEmail":null,"loginMobile":null,"idCardNo":null,"staticPassword":"a83a68c6e9967731","createTime":1563869007554,"currentLoginTime":1563870677411,"lastLoginTime":1563870677404,"lastModifyTime":1563870677412,"isEduAdmin":"0","oldIsEduAdmin":null,"isResearch":null,"cloudzoneQrcodePath":null,"status":"1","lastLockedTime":null,"lastLoginFailedTime":null,"loginFailedCount":0,"passwordType":"1","isOnline":true,"realName":"s_bat231603_2年级1班51学生","isLocked":false,"orgId":"TWDEVS1200000001487","orgType":null,"orgName":null,"orgEduInfo":null,"userLoginLogList":[{"logId":"CCE0715586403","userId":"CCE0715600000000625","ipAddress":null,"userName":"s_bat231603_2年级1班51学生","systemNumber":null,"loginTime":1563870677422,"loginOutTime":null,"systemName":null,"deviceId":null}],"cashAmount":null,"redPacketAmount":null,"attrStatus":null,"portraitUrl":null,"portraitPath":null,"fileSize":null,"childId":null,"nickName":null,"integraValue":0.0,"imgUrl":null,"integra":null,"integralOperate":"1","classId":null,"grade":null,"sex":null,"fatherPhone":null,"fatherName":null,"motherPhone":null,"motherName":null,"appId":null,"teacherType":null,"loginToken":null,"decryptLoginName":null},"goToUrl":"page/student/main"}\x00”。	[MsgId: MMSG-13798]
Action.c(54): 通知: 事务 "login" 以 "Pass" 状态结束 (持续时间: 0.0078 浪费的时间: 0.0001)。	[MsgId: MMSG-16871]
正在结束操作 Action。	[MsgId: MMSG-15918]
Action.c(39): 通知: 保存参数“HttpCode = 200”。	[MsgId: MMSG-13798]
Action.c(53): 通知: 参数替换:参数“HttpCode”=“200”	[MsgId: MMSG-13992]
Action.c(39): 通知: 保存参数“code = s_bat231603_2_1_32”。	[MsgId: MMSG-13798]
Action.c(53): 通知: 参数替换:参数“code”=“s_bat231603_2_1_51”	[MsgId: MMSG-13992]
Action.c(53): 通知: 参数替换:参数“username”=“s_bat231603_2_1_51”	[MsgId: MMSG-13992]
Action.c(54): 通知: 事务 "login" 以 "Pass" 状态结束 (持续时间: 0.0087 浪费的时间: 0.0001)。	[MsgId: MMSG-16871]
正在结束迭代 7。	[MsgId: MMSG-15965]
正在结束操作 Action。	[MsgId: MMSG-15918]
正在开始迭代 8。	[MsgId: MMSG-15968]
正在结束迭代 7。	[MsgId: MMSG-15965]
Action.c(39): 通知: 保存参数“result = {"serverResult":{"resultCode":0,"resultMessage":null,"internalMessage":null},"userLoginInfo":{"uuid":null,"loginId":null,"password":null,"userId":"CCE0715600000000627","userType":"1","externalId":"s_bat231603_2骞寸骇1\xad53瀛","loginName":"s_bat231603_2_1_53","loginEmail":null,"loginMobile":null,"idCardNo":null,"staticPassword":"a83a68c6e9967731","createTime":1563869007560,"currentLoginTime":1563870677410,"lastLoginTime":1563870677401,"lastModifyTime":1563870677410,"isEduAdmin":"0","oldIsEduAdmin":null,"isResearch":null,"cloudzoneQrcodePath":null,"status":"1","lastLockedTime":null,"lastLoginFailedTime":null,"loginFailedCount":0,"passwordType":"1","isOnline":true,"realName":"s_bat231603_2骞寸骇1\xad53瀛","isLocked":false,"orgId":"TWDEVS1200000001487","orgType":null,"orgName":null,"orgEduInfo":null,"userLoginLogList":[{"logId":"CCE0715586398","userId":"CCE0715600000000627","ipAddress":null,"userName":"s_bat231603_2骞寸骇1\xad53瀛","systemNumber":null,"loginTime":1563870677420,"loginOutTime":null,"systemName":null,"deviceId":null}],"cashAmount":null,"redPacketAmount":null,"attrStatus":null,"portraitUrl":null,"portraitPath":null,"fileSize":null,"childId":null,"nickName":null,"integraValue":0.0,"imgUrl":null,"integra":null,"integralOperate":"1","classId":null,"grade":null,"sex":null,"fatherPhone":null,"fatherName":null,"motherPhone":null,"motherName":null,"appId":null,"teacherType":null,"loginToken":null,"decryptLoginName":null},"goToUrl":"page/student/main"}”。	[MsgId: MMSG-13798]
正在开始迭代 8。	[MsgId: MMSG-15968]
通知: 参数 IP = 1 [表 = IP] 的下一行。	[MsgId: MMSG-13876]
通知: 正在获取参数“IP”的新值:表 =“IP.dat”列 =“0”行 =“1”。	[MsgId: MMSG-13877]
Action.c(39): 通知: 保存参数“result = {"serverResult":{"resultCode":0,"resultMessage":null,"internalMessage":null},"userLoginInfo":{"uuid":null,"loginId":null,"password":null,"userId":"CCE0715600000000606","userType":"1","externalId":"s_bat231603_2骞寸骇1\xad32瀛","loginName":"s_bat231603_2_1_32","loginEmail":null,"loginMobile":null,"idCardNo":null,"staticPassword":"a83a68c6e9967731","createTime":1563869007501,"currentLoginTime":1563870677413,"lastLoginTime":1563870677406,"lastModifyTime":1563870677413,"isEduAdmin":"0","oldIsEduAdmin":null,"isResearch":null,"cloudzoneQrcodePath":null,"status":"1","lastLockedTime":null,"lastLoginFailedTime":null,"loginFailedCount":0,"passwordType":"1","isOnline":true,"realName":"s_bat231603_2骞寸骇1\xad32瀛","isLocked":false,"orgId":"TWDEVS1200000001487","orgType":null,"orgName":null,"orgEduInfo":null,"userLoginLogList":[{"logId":"CCE0715586402","userId":"CCE0715600000000606","ipAddress":null,"userName":"s_bat231603_2骞寸骇1\xad32瀛","systemNumber":null,"loginTime":1563870677421,"loginOutTime":null,"systemName":null,"deviceId":null}],"cashAmount":null,"redPacketAmount":null,"attrStatus":null,"portraitUrl":null,"portraitPath":null,"fileSize":null,"childId":null,"nickName":null,"integraValue":0.0,"imgUrl":null,"integra":null,"integralOperate":"1","classId":null,"grade":null,"sex":null,"fatherPhone":null,"fatherName":null,"motherPhone":null,"motherName":null,"appId":null,"teacherType":null,"loginToken":null,"decryptLoginName":null},"goToUrl":"page/student/main"}”。	[MsgId: MMSG-13798]
通知: 参数 IP = 1 [表 = IP] 的下一行。	[MsgId: MMSG-13876]
通知: 参数 password = 1 [表 = password] 的下一行。	[MsgId: MMSG-13876]
通知: 正在获取参数“IP”的新值:表 =“IP.dat”列 =“0”行 =“1”。	[MsgId: MMSG-13877]
通知: 正在获取参数“password”的新值:表 =“password.dat”列 =“0”行 =“1”。	[MsgId: MMSG-13877]
通知: 参数 password = 1 [表 = password] 的下一行。	[MsgId: MMSG-13876]
正在开始操作 Action。	[MsgId: MMSG-15919]
Action.c(39): web_submit_data("login") 已成功，1487 个正文字节，214 个标头字节，12 个成块开销字节  	[MsgId: MMSG-26385]
通知: 正在获取参数“password”的新值:表 =“password.dat”列 =“0”行 =“1”。	[MsgId: MMSG-13877]
Action.c(7): 通知: 参数替换:参数“username”=“s_bat231603_2_1_52”	[MsgId: MMSG-13992]
正在开始操作 Action。	[MsgId: MMSG-15919]
Action.c(9): 通知: 参数替换:参数“password”=“123456”	[MsgId: MMSG-13992]
Action.c(7): 通知: 参数替换:参数“username”=“s_bat231603_2_1_51”	[MsgId: MMSG-13992]
Action.c(9): 通知: 参数替换:参数“password”=“123456”	[MsgId: MMSG-13992]
Action.c(39): web_submit_data("login") 已成功，1487 个正文字节，214 个标头字节，12 个成块开销字节  	[MsgId: MMSG-26385]
base64.h(42): 通知: 保存参数“loginId = dXNlcm5hbWU9c19iYXQyMzE2MDNfMl8xXzUyJnBhc3N3b3JkPTEyMzQ1Ng==”。	[MsgId: MMSG-13798]
Action.c(51): 通知: 参数替换:参数“result”=“{"serverResult":{"resultCode":0,"resultMessage":null,"internalMessage":null},"userLoginInfo":{"uuid":null,"loginId":null,"password":null,"userId":"CCE0715600000000627","userType":"1","externalId":"s_bat231603_2骞寸骇1\xad53瀛","loginName":"s_bat231603_2_1_53","loginEmail":null,"loginMobile":null,"idCardNo":null,"staticPassword":"a83a68c6e9967731","createTime":1563869007560,"currentLoginTime":1563870677410,"lastLoginTime":1563870677401,"lastModifyTime":1563870677410,"isEduAdmin":"0","oldIsEduAdmin":null,"isResearch":null,"cloudzoneQrcodePath":null,"status":"1","lastLockedTime":null,"lastLoginFailedTime":null,"loginFailedCount":0,"passwordType":"1","isOnline":true,"realName":"s_bat231603_2骞寸骇1\xad53瀛","isLocked":false,"orgId":"TWDEVS1200000001487","orgType":null,"orgName":null,"orgEduInfo":null,"userLoginLogList":[{"logId":"CCE0715586398","userId":"CCE0715600000000627","ipAddress":null,"userName":"s_bat231603_2骞寸骇1\xad53瀛","systemNumber":null,"loginTime":1563870677420,"loginOutTime":null,"systemName":null,"deviceId":null}],"cashAmount":null,"redPacketAmount":null,"attrStatus":null,"portraitUrl":null,"portraitPath":null,"fileSize":null,"childId":null,"nickName":null,"integraValue":0.0,"imgUrl":null,"integra":null,"integralOperate":"1","classId":null,"grade":null,"sex":null,"fatherPhone":null,"fatherName":null,"motherPhone":null,"motherName":null,"appId":null,"teacherType":null,"loginToken":null,"decryptLoginName":null},"goToUrl":"page/student/main"}”	[MsgId: MMSG-13992]
Action.c(11): 通知: 参数替换:参数“loginId”=“dXNlcm5hbWU9c19iYXQyMzE2MDNfMl8xXzUyJnBhc3N3b3JkPTEyMzQ1Ng==”	[MsgId: MMSG-13992]
base64.h(42): 通知: 保存参数“loginId = dXNlcm5hbWU9c19iYXQyMzE2MDNfMl8xXzUxJnBhc3N3b3JkPTEyMzQ1Ng==”。	[MsgId: MMSG-13798]
Action.c(11): 通知: 参数替换:参数“loginId”=“dXNlcm5hbWU9c19iYXQyMzE2MDNfMl8xXzUxJnBhc3N3b3JkPTEyMzQ1Ng==”	[MsgId: MMSG-13992]
Action.c(51): 通知: 参数替换:参数“result”=“{"serverResult":{"resultCode":0,"resultMessage":null,"internalMessage":null},"userLoginInfo":{"uuid":null,"loginId":null,"password":null,"userId":"CCE0715600000000606","userType":"1","externalId":"s_bat231603_2骞寸骇1\xad32瀛","loginName":"s_bat231603_2_1_32","loginEmail":null,"loginMobile":null,"idCardNo":null,"staticPassword":"a83a68c6e9967731","createTime":1563869007501,"currentLoginTime":1563870677413,"lastLoginTime":1563870677406,"lastModifyTime":1563870677413,"isEduAdmin":"0","oldIsEduAdmin":null,"isResearch":null,"cloudzoneQrcodePath":null,"status":"1","lastLockedTime":null,"lastLoginFailedTime":null,"loginFailedCount":0,"passwordType":"1","isOnline":true,"realName":"s_bat231603_2骞寸骇1\xad32瀛","isLocked":false,"orgId":"TWDEVS1200000001487","orgType":null,"orgName":null,"orgEduInfo":null,"userLoginLogList":[{"logId":"CCE0715586402","userId":"CCE0715600000000606","ipAddress":null,"userName":"s_bat231603_2骞寸骇1\xad32瀛","systemNumber":null,"loginTime":1563870677421,"loginOutTime":null,"systemName":null,"deviceId":null}],"cashAmount":null,"redPacketAmount":null,"attrStatus":null,"portraitUrl":null,"portraitPath":null,"fileSize":null,"childId":null,"nickName":null,"integraValue":0.0,"imgUrl":null,"integra":null,"integralOperate":"1","classId":null,"grade":null,"sex":null,"fatherPhone":null,"fatherName":null,"motherPhone":null,"motherName":null,"appId":null,"teacherType":null,"loginToken":null,"decryptLoginName":null},"goToUrl":"page/student/main"}”	[MsgId: MMSG-13992]
Action.c(11): loginId:dXNlcm5hbWU9c19iYXQyMzE2MDNfMl8xXzUxJnBhc3N3b3JkPTEyMzQ1Ng==	[MsgId: MMSG-17999]
Action.c(39): 通知: 保存参数“HttpCode = 200”。	[MsgId: MMSG-13798]
Action.c(39): 通知: 保存参数“HttpCode = 200”。	[MsgId: MMSG-13798]
Action.c(11): loginId:dXNlcm5hbWU9c19iYXQyMzE2MDNfMl8xXzUyJnBhc3N3b3JkPTEyMzQ1Ng==	[MsgId: MMSG-17999]
Action.c(12): 通知: 保存参数“timeStamp = 1563870678145”。	[MsgId: MMSG-13798]
Action.c(39): 通知: 保存参数“code = s_bat231603_2_1_46”。	[MsgId: MMSG-13798]
Action.c(12): web_save_timestamp_param("web_save_timestamp_param") 已成功  	[MsgId: MMSG-26392]
Action.c(39): 通知: 保存参数“code = s_bat231603_2_1_50”。	[MsgId: MMSG-13798]
Action.c(12): 通知: 保存参数“timeStamp = 1563870678145”。	[MsgId: MMSG-13798]
Action.c(33): 通知: 事务 "login" 已启动。	[MsgId: MMSG-16999]
Action.c(35): 注册 web_reg_save_param 成功  	[MsgId: MMSG-26390]
Action.c(12): web_save_timestamp_param("web_save_timestamp_param") 已成功  	[MsgId: MMSG-26392]
Action.c(36): 注册 web_reg_save_param 成功  	[MsgId: MMSG-26390]
Action.c(37): 注册 web_reg_save_param 成功  	[MsgId: MMSG-26390]
Action.c(33): 通知: 事务 "login" 已启动。	[MsgId: MMSG-16999]
Action.c(39): 通知: 参数替换:参数“IP”=“192.168.130.65:8029”	[MsgId: MMSG-13992]
Action.c(39): 通知: 参数替换:参数“timeStamp”=“1563870678145”	[MsgId: MMSG-13992]
Action.c(35): 注册 web_reg_save_param 成功  	[MsgId: MMSG-26390]
Action.c(39): 通知: 参数替换:参数“loginId”=“dXNlcm5hbWU9c19iYXQyMzE2MDNfMl8xXzUxJnBhc3N3b3JkPTEyMzQ1Ng==”	[MsgId: MMSG-13992]
Action.c(39): 通知: 保存参数“result = {"serverResult":{"resultCode":0,"resultMessage":null,"internalMessage":null},"userLoginInfo":{"uuid":null,"loginId":null,"password":null,"userId":"CCE0715600000000620","userType":"1","externalId":"s_bat231603_2骞寸骇1\xad46瀛","loginName":"s_bat231603_2_1_46","loginEmail":null,"loginMobile":null,"idCardNo":null,"staticPassword":"a83a68c6e9967731","createTime":1563869007541,"currentLoginTime":1563870677410,"lastLoginTime":1563870677401,"lastModifyTime":1563870677411,"isEduAdmin":"0","oldIsEduAdmin":null,"isResearch":null,"cloudzoneQrcodePath":null,"status":"1","lastLockedTime":null,"lastLoginFailedTime":null,"loginFailedCount":0,"passwordType":"1","isOnline":true,"realName":"s_bat231603_2骞寸骇1\xad46瀛","isLocked":false,"orgId":"TWDEVS1200000001487","orgType":null,"orgName":null,"orgEduInfo":null,"userLoginLogList":[{"logId":"CCE0715586406","userId":"CCE0715600000000620","ipAddress":null,"userName":"s_bat231603_2骞寸骇1\xad46瀛","systemNumber":null,"loginTime":1563870677423,"loginOutTime":null,"systemName":null,"deviceId":null}],"cashAmount":null,"redPacketAmount":null,"attrStatus":null,"portraitUrl":null,"portraitPath":null,"fileSize":null,"childId":null,"nickName":null,"integraValue":0.0,"imgUrl":null,"integra":null,"integralOperate":"1","classId":null,"grade":null,"sex":null,"fatherPhone":null,"fatherName":null,"motherPhone":null,"motherName":null,"appId":null,"teacherType":null,"loginToken":null,"decryptLoginName":null},"goToUrl":"page/student/main"}”。	[MsgId: MMSG-13798]
Action.c(36): 注册 web_reg_save_param 成功  	[MsgId: MMSG-26390]
Action.c(37): 注册 web_reg_save_param 成功  	[MsgId: MMSG-26390]
Action.c(39): 通知: 参数替换:参数“IP”=“192.168.130.65:8029”	[MsgId: MMSG-13992]
Action.c(39): 通知: 参数替换:参数“timeStamp”=“1563870678145”	[MsgId: MMSG-13992]
Action.c(39): 通知: 保存参数“result = {"serverResult":{"resultCode":0,"resultMessage":null,"internalMessage":null},"userLoginInfo":{"uuid":null,"loginId":null,"password":null,"userId":"CCE0715600000000624","userType":"1","externalId":"s_bat231603_2骞寸骇1\xad50瀛","loginName":"s_bat231603_2_1_50","loginEmail":null,"loginMobile":null,"idCardNo":null,"staticPassword":"a83a68c6e9967731","createTime":1563869007551,"currentLoginTime":1563870677414,"lastLoginTime":1563870677406,"lastModifyTime":1563870677414,"isEduAdmin":"0","oldIsEduAdmin":null,"isResearch":null,"cloudzoneQrcodePath":null,"status":"1","lastLockedTime":null,"lastLoginFailedTime":null,"loginFailedCount":0,"passwordType":"1","isOnline":true,"realName":"s_bat231603_2骞寸骇1\xad50瀛","isLocked":false,"orgId":"TWDEVS1200000001487","orgType":null,"orgName":null,"orgEduInfo":null,"userLoginLogList":[{"logId":"CCE0715586407","userId":"CCE0715600000000624","ipAddress":null,"userName":"s_bat231603_2骞寸骇1\xad50瀛","systemNumber":null,"loginTime":1563870677423,"loginOutTime":null,"systemName":null,"deviceId":null}],"cashAmount":null,"redPacketAmount":null,"attrStatus":null,"portraitUrl":null,"portraitPath":null,"fileSize":null,"childId":null,"nickName":null,"integraValue":0.0,"imgUrl":null,"integra":null,"integralOperate":"1","classId":null,"grade":null,"sex":null,"fatherPhone":null,"fatherName":null,"motherPhone":null,"motherName":null,"appId":null,"teacherType":null,"loginToken":null,"decryptLoginName":null},"goToUrl":"page/student/main"}”。	[MsgId: MMSG-13798]
Action.c(51): 通知: 保存参数“result_convert = {"serverResult":{"resultCode":0,"resultMessage":null,"internalMessage":null},"userLoginInfo":{"uuid":null,"loginId":null,"password":null,"userId":"CCE0715600000000627","userType":"1","externalId":"s_bat231603_2年级1班53学生","loginName":"s_bat231603_2_1_53","loginEmail":null,"loginMobile":null,"idCardNo":null,"staticPassword":"a83a68c6e9967731","createTime":1563869007560,"currentLoginTime":1563870677410,"lastLoginTime":1563870677401,"lastModifyTime":1563870677410,"isEduAdmin":"0","oldIsEduAdmin":null,"isResearch":null,"cloudzoneQrcodePath":null,"status":"1","lastLockedTime":null,"lastLoginFailedTime":null,"loginFailedCount":0,"passwordType":"1","isOnline":true,"realName":"s_bat231603_2年级1班53学生","isLocked":false,"orgId":"TWDEVS1200000001487","orgType":null,"orgName":null,"orgEduInfo":null,"userLoginLogList":[{"logId":"CCE0715586398","userId":"CCE0715600000000627","ipAddress":null,"userName":"s_bat231603_2年级1班53学生","systemNumber":null,"loginTime":1563870677420,"loginOutTime":null,"systemName":null,"deviceId":null}],"cashAmount":null,"redPacketAmount":null,"attrStatus":null,"portraitUrl":null,"portraitPath":null,"fileSize":null,"childId":null,"nickName":null,"integraValue":0.0,"imgUrl":null,"integra":null,"integralOperate":"1","classId":null,"grade":null,"sex":null,"fatherPhone":null,"fatherName":null,"motherPhone":null,"motherName":null,"appId":null,"teacherType":null,"loginToken":null,"decryptLoginName":null},"goToUrl":"page/student/main"}\x00”。	[MsgId: MMSG-13798]
Action.c(39): 通知: 参数替换:参数“loginId”=“dXNlcm5hbWU9c19iYXQyMzE2MDNfMl8xXzUyJnBhc3N3b3JkPTEyMzQ1Ng==”	[MsgId: MMSG-13992]
Action.c(39): web_submit_data("login") 已成功，1487 个正文字节，214 个标头字节，12 个成块开销字节  	[MsgId: MMSG-26385]
Action.c(39): web_submit_data("login") 已成功，1487 个正文字节，214 个标头字节，12 个成块开销字节  	[MsgId: MMSG-26385]
Action.c(53): 通知: 参数替换:参数“HttpCode”=“200”	[MsgId: MMSG-13992]
Action.c(53): 通知: 参数替换:参数“code”=“s_bat231603_2_1_53”	[MsgId: MMSG-13992]
Action.c(53): 通知: 参数替换:参数“username”=“s_bat231603_2_1_53”	[MsgId: MMSG-13992]
Action.c(54): 通知: 事务 "login" 以 "Pass" 状态结束 (持续时间: 0.0098 浪费的时间: 0.0001)。	[MsgId: MMSG-16871]
正在结束操作 Action。	[MsgId: MMSG-15918]
Action.c(51): 通知: 参数替换:参数“result”=“{"serverResult":{"resultCode":0,"resultMessage":null,"internalMessage":null},"userLoginInfo":{"uuid":null,"loginId":null,"password":null,"userId":"CCE0715600000000620","userType":"1","externalId":"s_bat231603_2骞寸骇1\xad46瀛","loginName":"s_bat231603_2_1_46","loginEmail":null,"loginMobile":null,"idCardNo":null,"staticPassword":"a83a68c6e9967731","createTime":1563869007541,"currentLoginTime":1563870677410,"lastLoginTime":1563870677401,"lastModifyTime":1563870677411,"isEduAdmin":"0","oldIsEduAdmin":null,"isResearch":null,"cloudzoneQrcodePath":null,"status":"1","lastLockedTime":null,"lastLoginFailedTime":null,"loginFailedCount":0,"passwordType":"1","isOnline":true,"realName":"s_bat231603_2骞寸骇1\xad46瀛","isLocked":false,"orgId":"TWDEVS1200000001487","orgType":null,"orgName":null,"orgEduInfo":null,"userLoginLogList":[{"logId":"CCE0715586406","userId":"CCE0715600000000620","ipAddress":null,"userName":"s_bat231603_2骞寸骇1\xad46瀛","systemNumber":null,"loginTime":1563870677423,"loginOutTime":null,"systemName":null,"deviceId":null}],"cashAmount":null,"redPacketAmount":null,"attrStatus":null,"portraitUrl":null,"portraitPath":null,"fileSize":null,"childId":null,"nickName":null,"integraValue":0.0,"imgUrl":null,"integra":null,"integralOperate":"1","classId":null,"grade":null,"sex":null,"fatherPhone":null,"fatherName":null,"motherPhone":null,"motherName":null,"appId":null,"teacherType":null,"loginToken":null,"decryptLoginName":null},"goToUrl":"page/student/main"}”	[MsgId: MMSG-13992]
Action.c(51): 通知: 参数替换:参数“result”=“{"serverResult":{"resultCode":0,"resultMessage":null,"internalMessage":null},"userLoginInfo":{"uuid":null,"loginId":null,"password":null,"userId":"CCE0715600000000624","userType":"1","externalId":"s_bat231603_2骞寸骇1\xad50瀛","loginName":"s_bat231603_2_1_50","loginEmail":null,"loginMobile":null,"idCardNo":null,"staticPassword":"a83a68c6e9967731","createTime":1563869007551,"currentLoginTime":1563870677414,"lastLoginTime":1563870677406,"lastModifyTime":1563870677414,"isEduAdmin":"0","oldIsEduAdmin":null,"isResearch":null,"cloudzoneQrcodePath":null,"status":"1","lastLockedTime":null,"lastLoginFailedTime":null,"loginFailedCount":0,"passwordType":"1","isOnline":true,"realName":"s_bat231603_2骞寸骇1\xad50瀛","isLocked":false,"orgId":"TWDEVS1200000001487","orgType":null,"orgName":null,"orgEduInfo":null,"userLoginLogList":[{"logId":"CCE0715586407","userId":"CCE0715600000000624","ipAddress":null,"userName":"s_bat231603_2骞寸骇1\xad50瀛","systemNumber":null,"loginTime":1563870677423,"loginOutTime":null,"systemName":null,"deviceId":null}],"cashAmount":null,"redPacketAmount":null,"attrStatus":null,"portraitUrl":null,"portraitPath":null,"fileSize":null,"childId":null,"nickName":null,"integraValue":0.0,"imgUrl":null,"integra":null,"integralOperate":"1","classId":null,"grade":null,"sex":null,"fatherPhone":null,"fatherName":null,"motherPhone":null,"motherName":null,"appId":null,"teacherType":null,"loginToken":null,"decryptLoginName":null},"goToUrl":"page/student/main"}”	[MsgId: MMSG-13992]
正在结束迭代 3。	[MsgId: MMSG-15965]
正在开始迭代 4。	[MsgId: MMSG-15968]
Action.c(39): 通知: 保存参数“HttpCode = 200”。	[MsgId: MMSG-13798]
Action.c(51): 通知: 保存参数“result_convert = {"serverResult":{"resultCode":0,"resultMessage":null,"internalMessage":null},"userLoginInfo":{"uuid":null,"loginId":null,"password":null,"userId":"CCE0715600000000606","userType":"1","externalId":"s_bat231603_2年级1班32学生","loginName":"s_bat231603_2_1_32","loginEmail":null,"loginMobile":null,"idCardNo":null,"staticPassword":"a83a68c6e9967731","createTime":1563869007501,"currentLoginTime":1563870677413,"lastLoginTime":1563870677406,"lastModifyTime":1563870677413,"isEduAdmin":"0","oldIsEduAdmin":null,"isResearch":null,"cloudzoneQrcodePath":null,"status":"1","lastLockedTime":null,"lastLoginFailedTime":null,"loginFailedCount":0,"passwordType":"1","isOnline":true,"realName":"s_bat231603_2年级1班32学生","isLocked":false,"orgId":"TWDEVS1200000001487","orgType":null,"orgName":null,"orgEduInfo":null,"userLoginLogList":[{"logId":"CCE0715586402","userId":"CCE0715600000000606","ipAddress":null,"userName":"s_bat231603_2年级1班32学生","systemNumber":null,"loginTime":1563870677421,"loginOutTime":null,"systemName":null,"deviceId":null}],"cashAmount":null,"redPacketAmount":null,"attrStatus":null,"portraitUrl":null,"portraitPath":null,"fileSize":null,"childId":null,"nickName":null,"integraValue":0.0,"imgUrl":null,"integra":null,"integralOperate":"1","classId":null,"grade":null,"sex":null,"fatherPhone":null,"fatherName":null,"motherPhone":null,"motherName":null,"appId":null,"teacherType":null,"loginToken":null,"decryptLoginName":null},"goToUrl":"page/student/main"}\x00”。	[MsgId: MMSG-13798]
通知: 参数 IP = 1 [表 = IP] 的下一行。	[MsgId: MMSG-13876]
Action.c(39): 通知: 保存参数“code = s_bat231603_2_1_48”。	[MsgId: MMSG-13798]
Action.c(51): 通知: 保存参数“result_convert = {"serverResult":{"resultCode":0,"resultMessage":null,"internalMessage":null},"userLoginInfo":{"uuid":null,"loginId":null,"password":null,"userId":"CCE0715600000000620","userType":"1","externalId":"s_bat231603_2年级1班46学生","loginName":"s_bat231603_2_1_46","loginEmail":null,"loginMobile":null,"idCardNo":null,"staticPassword":"a83a68c6e9967731","createTime":1563869007541,"currentLoginTime":1563870677410,"lastLoginTime":1563870677401,"lastModifyTime":1563870677411,"isEduAdmin":"0","oldIsEduAdmin":null,"isResearch":null,"cloudzoneQrcodePath":null,"status":"1","lastLockedTime":null,"lastLoginFailedTime":null,"loginFailedCount":0,"passwordType":"1","isOnline":true,"realName":"s_bat231603_2年级1班46学生","isLocked":false,"orgId":"TWDEVS1200000001487","orgType":null,"orgName":null,"orgEduInfo":null,"userLoginLogList":[{"logId":"CCE0715586406","userId":"CCE0715600000000620","ipAddress":null,"userName":"s_bat231603_2年级1班46学生","systemNumber":null,"loginTime":1563870677423,"loginOutTime":null,"systemName":null,"deviceId":null}],"cashAmount":null,"redPacketAmount":null,"attrStatus":null,"portraitUrl":null,"portraitPath":null,"fileSize":null,"childId":null,"nickName":null,"integraValue":0.0,"imgUrl":null,"integra":null,"integralOperate":"1","classId":null,"grade":null,"sex":null,"fatherPhone":null,"fatherName":null,"motherPhone":null,"motherName":null,"appId":null,"teacherType":null,"loginToken":null,"decryptLoginName":null},"goToUrl":"page/student/main"}\x00”。	[MsgId: MMSG-13798]
通知: 正在获取参数“IP”的新值:表 =“IP.dat”列 =“0”行 =“1”。	[MsgId: MMSG-13877]
Action.c(53): 通知: 参数替换:参数“HttpCode”=“200”	[MsgId: MMSG-13992]
通知: 参数 password = 1 [表 = password] 的下一行。	[MsgId: MMSG-13876]
Action.c(53): 通知: 参数替换:参数“code”=“s_bat231603_2_1_32”	[MsgId: MMSG-13992]
通知: 正在获取参数“password”的新值:表 =“password.dat”列 =“0”行 =“1”。	[MsgId: MMSG-13877]
Action.c(51): 通知: 保存参数“result_convert = {"serverResult":{"resultCode":0,"resultMessage":null,"internalMessage":null},"userLoginInfo":{"uuid":null,"loginId":null,"password":null,"userId":"CCE0715600000000624","userType":"1","externalId":"s_bat231603_2年级1班50学生","loginName":"s_bat231603_2_1_50","loginEmail":null,"loginMobile":null,"idCardNo":null,"staticPassword":"a83a68c6e9967731","createTime":1563869007551,"currentLoginTime":1563870677414,"lastLoginTime":1563870677406,"lastModifyTime":1563870677414,"isEduAdmin":"0","oldIsEduAdmin":null,"isResearch":null,"cloudzoneQrcodePath":null,"status":"1","lastLockedTime":null,"lastLoginFailedTime":null,"loginFailedCount":0,"passwordType":"1","isOnline":true,"realName":"s_bat231603_2年级1班50学生","isLocked":false,"orgId":"TWDEVS1200000001487","orgType":null,"orgName":null,"orgEduInfo":null,"userLoginLogList":[{"logId":"CCE0715586407","userId":"CCE0715600000000624","ipAddress":null,"userName":"s_bat231603_2年级1班50学生","systemNumber":null,"loginTime":1563870677423,"loginOutTime":null,"systemName":null,"deviceId":null}],"cashAmount":null,"redPacketAmount":null,"attrStatus":null,"portraitUrl":null,"portraitPath":null,"fileSize":null,"childId":null,"nickName":null,"integraValue":0.0,"imgUrl":null,"integra":null,"integralOperate":"1","classId":null,"grade":null,"sex":null,"fatherPhone":null,"fatherName":null,"motherPhone":null,"motherName":null,"appId":null,"teacherType":null,"loginToken":null,"decryptLoginName":null},"goToUrl":"page/student/main"}\x00”。	[MsgId: MMSG-13798]
Action.c(53): 通知: 参数替换:参数“username”=“s_bat231603_2_1_32”	[MsgId: MMSG-13992]
正在开始操作 Action。	[MsgId: MMSG-15919]
Action.c(7): 通知: 参数替换:参数“username”=“s_bat231603_2_1_53”	[MsgId: MMSG-13992]
Action.c(53): 通知: 参数替换:参数“HttpCode”=“200”	[MsgId: MMSG-13992]
Action.c(54): 通知: 事务 "login" 以 "Pass" 状态结束 (持续时间: 0.0088 浪费的时间: 0.0001)。	[MsgId: MMSG-16871]
Action.c(53): 通知: 参数替换:参数“HttpCode”=“200”	[MsgId: MMSG-13992]
Action.c(9): 通知: 参数替换:参数“password”=“123456”	[MsgId: MMSG-13992]
Action.c(53): 通知: 参数替换:参数“code”=“s_bat231603_2_1_50”	[MsgId: MMSG-13992]
Action.c(39): 通知: 保存参数“result = {"serverResult":{"resultCode":0,"resultMessage":null,"internalMessage":null},"userLoginInfo":{"uuid":null,"loginId":null,"password":null,"userId":"CCE0715600000000622","userType":"1","externalId":"s_bat231603_2骞寸骇1\xad48瀛","loginName":"s_bat231603_2_1_48","loginEmail":null,"loginMobile":null,"idCardNo":null,"staticPassword":"a83a68c6e9967731","createTime":1563869007546,"currentLoginTime":1563870677415,"lastLoginTime":1563870677406,"lastModifyTime":1563870677415,"isEduAdmin":"0","oldIsEduAdmin":null,"isResearch":null,"cloudzoneQrcodePath":null,"status":"1","lastLockedTime":null,"lastLoginFailedTime":null,"loginFailedCount":0,"passwordType":"1","isOnline":true,"realName":"s_bat231603_2骞寸骇1\xad48瀛","isLocked":false,"orgId":"TWDEVS1200000001487","orgType":null,"orgName":null,"orgEduInfo":null,"userLoginLogList":[{"logId":"CCE0715586408","userId":"CCE0715600000000622","ipAddress":null,"userName":"s_bat231603_2骞寸骇1\xad48瀛","systemNumber":null,"loginTime":1563870677423,"loginOutTime":null,"systemName":null,"deviceId":null}],"cashAmount":null,"redPacketAmount":null,"attrStatus":null,"portraitUrl":null,"portraitPath":null,"fileSize":null,"childId":null,"nickName":null,"integraValue":0.0,"imgUrl":null,"integra":null,"integralOperate":"1","classId":null,"grade":null,"sex":null,"fatherPhone":null,"fatherName":null,"motherPhone":null,"motherName":null,"appId":null,"teacherType":null,"loginToken":null,"decryptLoginName":null},"goToUrl":"page/student/main"}”。	[MsgId: MMSG-13798]
Action.c(53): 通知: 参数替换:参数“code”=“s_bat231603_2_1_46”	[MsgId: MMSG-13992]
正在结束操作 Action。	[MsgId: MMSG-15918]
Action.c(53): 通知: 参数替换:参数“username”=“s_bat231603_2_1_50”	[MsgId: MMSG-13992]
Action.c(53): 通知: 参数替换:参数“username”=“s_bat231603_2_1_46”	[MsgId: MMSG-13992]
Action.c(54): 通知: 事务 "login" 以 "Pass" 状态结束 (持续时间: 0.0071 浪费的时间: 0.0001)。	[MsgId: MMSG-16871]
正在结束迭代 27。	[MsgId: MMSG-15965]
Action.c(54): 通知: 事务 "login" 以 "Pass" 状态结束 (持续时间: 0.0094 浪费的时间: 0.0001)。	[MsgId: MMSG-16871]
正在开始迭代 28。	[MsgId: MMSG-15968]
正在结束操作 Action。	[MsgId: MMSG-15918]
通知: 参数 IP = 1 [表 = IP] 的下一行。	[MsgId: MMSG-13876]
正在结束操作 Action。	[MsgId: MMSG-15918]
base64.h(42): 通知: 保存参数“loginId = dXNlcm5hbWU9c19iYXQyMzE2MDNfMl8xXzUzJnBhc3N3b3JkPTEyMzQ1Ng==”。	[MsgId: MMSG-13798]
通知: 正在获取参数“IP”的新值:表 =“IP.dat”列 =“0”行 =“1”。	[MsgId: MMSG-13877]
正在结束迭代 24。	[MsgId: MMSG-15965]
正在结束迭代 14。	[MsgId: MMSG-15965]
通知: 参数 password = 1 [表 = password] 的下一行。	[MsgId: MMSG-13876]
正在开始迭代 25。	[MsgId: MMSG-15968]
Action.c(11): 通知: 参数替换:参数“loginId”=“dXNlcm5hbWU9c19iYXQyMzE2MDNfMl8xXzUzJnBhc3N3b3JkPTEyMzQ1Ng==”	[MsgId: MMSG-13992]
通知: 正在获取参数“password”的新值:表 =“password.dat”列 =“0”行 =“1”。	[MsgId: MMSG-13877]
正在开始操作 Action。	[MsgId: MMSG-15919]
Action.c(11): loginId:dXNlcm5hbWU9c19iYXQyMzE2MDNfMl8xXzUzJnBhc3N3b3JkPTEyMzQ1Ng==	[MsgId: MMSG-17999]
Action.c(39): web_submit_data("login") 已成功，1487 个正文字节，214 个标头字节，12 个成块开销字节  	[MsgId: MMSG-26385]
正在开始迭代 15。	[MsgId: MMSG-15968]
Action.c(7): 通知: 参数替换:参数“username”=“s_bat231603_2_1_32”	[MsgId: MMSG-13992]
通知: 参数 IP = 1 [表 = IP] 的下一行。	[MsgId: MMSG-13876]
Action.c(12): 通知: 保存参数“timeStamp = 1563870678146”。	[MsgId: MMSG-13798]
Action.c(9): 通知: 参数替换:参数“password”=“123456”	[MsgId: MMSG-13992]
通知: 正在获取参数“IP”的新值:表 =“IP.dat”列 =“0”行 =“1”。	[MsgId: MMSG-13877]
通知: 参数 IP = 1 [表 = IP] 的下一行。	[MsgId: MMSG-13876]
Action.c(12): web_save_timestamp_param("web_save_timestamp_param") 已成功  	[MsgId: MMSG-26392]
通知: 参数 password = 1 [表 = password] 的下一行。	[MsgId: MMSG-13876]
通知: 正在获取参数“password”的新值:表 =“password.dat”列 =“0”行 =“1”。	[MsgId: MMSG-13877]
通知: 正在获取参数“IP”的新值:表 =“IP.dat”列 =“0”行 =“1”。	[MsgId: MMSG-13877]
Action.c(33): 通知: 事务 "login" 已启动。	[MsgId: MMSG-16999]
正在开始操作 Action。	[MsgId: MMSG-15919]
通知: 参数 password = 1 [表 = password] 的下一行。	[MsgId: MMSG-13876]
Action.c(35): 注册 web_reg_save_param 成功  	[MsgId: MMSG-26390]
通知: 正在获取参数“password”的新值:表 =“password.dat”列 =“0”行 =“1”。	[MsgId: MMSG-13877]
Action.c(7): 通知: 参数替换:参数“username”=“s_bat231603_2_1_46”	[MsgId: MMSG-13992]
Action.c(36): 注册 web_reg_save_param 成功  	[MsgId: MMSG-26390]
Action.c(9): 通知: 参数替换:参数“password”=“123456”	[MsgId: MMSG-13992]
正在开始操作 Action。	[MsgId: MMSG-15919]
Action.c(37): 注册 web_reg_save_param 成功  	[MsgId: MMSG-26390]
base64.h(42): 通知: 保存参数“loginId = dXNlcm5hbWU9c19iYXQyMzE2MDNfMl8xXzMyJnBhc3N3b3JkPTEyMzQ1Ng==”。	[MsgId: MMSG-13798]
Action.c(7): 通知: 参数替换:参数“username”=“s_bat231603_2_1_50”	[MsgId: MMSG-13992]
Action.c(51): 通知: 参数替换:参数“result”=“{"serverResult":{"resultCode":0,"resultMessage":null,"internalMessage":null},"userLoginInfo":{"uuid":null,"loginId":null,"password":null,"userId":"CCE0715600000000622","userType":"1","externalId":"s_bat231603_2骞寸骇1\xad48瀛","loginName":"s_bat231603_2_1_48","loginEmail":null,"loginMobile":null,"idCardNo":null,"staticPassword":"a83a68c6e9967731","createTime":1563869007546,"currentLoginTime":1563870677415,"lastLoginTime":1563870677406,"lastModifyTime":1563870677415,"isEduAdmin":"0","oldIsEduAdmin":null,"isResearch":null,"cloudzoneQrcodePath":null,"status":"1","lastLockedTime":null,"lastLoginFailedTime":null,"loginFailedCount":0,"passwordType":"1","isOnline":true,"realName":"s_bat231603_2骞寸骇1\xad48瀛","isLocked":false,"orgId":"TWDEVS1200000001487","orgType":null,"orgName":null,"orgEduInfo":null,"userLoginLogList":[{"logId":"CCE0715586408","userId":"CCE0715600000000622","ipAddress":null,"userName":"s_bat231603_2骞寸骇1\xad48瀛","systemNumber":null,"loginTime":1563870677423,"loginOutTime":null,"systemName":null,"deviceId":null}],"cashAmount":null,"redPacketAmount":null,"attrStatus":null,"portraitUrl":null,"portraitPath":null,"fileSize":null,"childId":null,"nickName":null,"integraValue":0.0,"imgUrl":null,"integra":null,"integralOperate":"1","classId":null,"grade":null,"sex":null,"fatherPhone":null,"fatherName":null,"motherPhone":null,"motherName":null,"appId":null,"teacherType":null,"loginToken":null,"decryptLoginName":null},"goToUrl":"page/student/main"}”	[MsgId: MMSG-13992]
Action.c(39): 通知: 参数替换:参数“IP”=“192.168.130.65:8029”	[MsgId: MMSG-13992]
Action.c(9): 通知: 参数替换:参数“password”=“123456”	[MsgId: MMSG-13992]
Action.c(11): 通知: 参数替换:参数“loginId”=“dXNlcm5hbWU9c19iYXQyMzE2MDNfMl8xXzMyJnBhc3N3b3JkPTEyMzQ1Ng==”	[MsgId: MMSG-13992]
Action.c(39): 通知: 参数替换:参数“timeStamp”=“1563870678146”	[MsgId: MMSG-13992]
Action.c(11): loginId:dXNlcm5hbWU9c19iYXQyMzE2MDNfMl8xXzMyJnBhc3N3b3JkPTEyMzQ1Ng==	[MsgId: MMSG-17999]
Action.c(39): 通知: 参数替换:参数“loginId”=“dXNlcm5hbWU9c19iYXQyMzE2MDNfMl8xXzUzJnBhc3N3b3JkPTEyMzQ1Ng==”	[MsgId: MMSG-13992]
base64.h(42): 通知: 保存参数“loginId = dXNlcm5hbWU9c19iYXQyMzE2MDNfMl8xXzQ2JnBhc3N3b3JkPTEyMzQ1Ng==”。	[MsgId: MMSG-13798]
Action.c(12): 通知: 保存参数“timeStamp = 1563870678147”。	[MsgId: MMSG-13798]
Action.c(12): web_save_timestamp_param("web_save_timestamp_param") 已成功  	[MsgId: MMSG-26392]
Action.c(11): 通知: 参数替换:参数“loginId”=“dXNlcm5hbWU9c19iYXQyMzE2MDNfMl8xXzQ2JnBhc3N3b3JkPTEyMzQ1Ng==”	[MsgId: MMSG-13992]
Action.c(33): 通知: 事务 "login" 已启动。	[MsgId: MMSG-16999]
Action.c(11): loginId:dXNlcm5hbWU9c19iYXQyMzE2MDNfMl8xXzQ2JnBhc3N3b3JkPTEyMzQ1Ng==	[MsgId: MMSG-17999]
Action.c(35): 注册 web_reg_save_param 成功  	[MsgId: MMSG-26390]
base64.h(42): 通知: 保存参数“loginId = dXNlcm5hbWU9c19iYXQyMzE2MDNfMl8xXzUwJnBhc3N3b3JkPTEyMzQ1Ng==”。	[MsgId: MMSG-13798]
Action.c(36): 注册 web_reg_save_param 成功  	[MsgId: MMSG-26390]
Action.c(12): 通知: 保存参数“timeStamp = 1563870678147”。	[MsgId: MMSG-13798]
Action.c(12): web_save_timestamp_param("web_save_timestamp_param") 已成功  	[MsgId: MMSG-26392]
Action.c(11): 通知: 参数替换:参数“loginId”=“dXNlcm5hbWU9c19iYXQyMzE2MDNfMl8xXzUwJnBhc3N3b3JkPTEyMzQ1Ng==”	[MsgId: MMSG-13992]
Action.c(37): 注册 web_reg_save_param 成功  	[MsgId: MMSG-26390]
Action.c(33): 通知: 事务 "login" 已启动。	[MsgId: MMSG-16999]
Action.c(39): 通知: 参数替换:参数“IP”=“192.168.130.65:8029”	[MsgId: MMSG-13992]
Action.c(11): loginId:dXNlcm5hbWU9c19iYXQyMzE2MDNfMl8xXzUwJnBhc3N3b3JkPTEyMzQ1Ng==	[MsgId: MMSG-17999]
Action.c(35): 注册 web_reg_save_param 成功  	[MsgId: MMSG-26390]
Action.c(39): 通知: 参数替换:参数“timeStamp”=“1563870678147”	[MsgId: MMSG-13992]
Action.c(36): 注册 web_reg_save_param 成功  	[MsgId: MMSG-26390]
Action.c(39): 通知: 参数替换:参数“loginId”=“dXNlcm5hbWU9c19iYXQyMzE2MDNfMl8xXzMyJnBhc3N3b3JkPTEyMzQ1Ng==”	[MsgId: MMSG-13992]
Action.c(12): 通知: 保存参数“timeStamp = 1563870678147”。	[MsgId: MMSG-13798]
Action.c(37): 注册 web_reg_save_param 成功  	[MsgId: MMSG-26390]
Action.c(39): 通知: 参数替换:参数“IP”=“192.168.130.65:8029”	[MsgId: MMSG-13992]
Action.c(39): 通知: 参数替换:参数“timeStamp”=“1563870678147”	[MsgId: MMSG-13992]
Action.c(39): 通知: 参数替换:参数“loginId”=“dXNlcm5hbWU9c19iYXQyMzE2MDNfMl8xXzQ2JnBhc3N3b3JkPTEyMzQ1Ng==”	[MsgId: MMSG-13992]
Action.c(51): 通知: 保存参数“result_convert = {"serverResult":{"resultCode":0,"resultMessage":null,"internalMessage":null},"userLoginInfo":{"uuid":null,"loginId":null,"password":null,"userId":"CCE0715600000000622","userType":"1","externalId":"s_bat231603_2年级1班48学生","loginName":"s_bat231603_2_1_48","loginEmail":null,"loginMobile":null,"idCardNo":null,"staticPassword":"a83a68c6e9967731","createTime":1563869007546,"currentLoginTime":1563870677415,"lastLoginTime":1563870677406,"lastModifyTime":1563870677415,"isEduAdmin":"0","oldIsEduAdmin":null,"isResearch":null,"cloudzoneQrcodePath":null,"status":"1","lastLockedTime":null,"lastLoginFailedTime":null,"loginFailedCount":0,"passwordType":"1","isOnline":true,"realName":"s_bat231603_2年级1班48学生","isLocked":false,"orgId":"TWDEVS1200000001487","orgType":null,"orgName":null,"orgEduInfo":null,"userLoginLogList":[{"logId":"CCE0715586408","userId":"CCE0715600000000622","ipAddress":null,"userName":"s_bat231603_2年级1班48学生","systemNumber":null,"loginTime":1563870677423,"loginOutTime":null,"systemName":null,"deviceId":null}],"cashAmount":null,"redPacketAmount":null,"attrStatus":null,"portraitUrl":null,"portraitPath":null,"fileSize":null,"childId":null,"nickName":null,"integraValue":0.0,"imgUrl":null,"integra":null,"integralOperate":"1","classId":null,"grade":null,"sex":null,"fatherPhone":null,"fatherName":null,"motherPhone":null,"motherName":null,"appId":null,"teacherType":null,"loginToken":null,"decryptLoginName":null},"goToUrl":"page/student/main"}\x00”。	[MsgId: MMSG-13798]
Action.c(12): web_save_timestamp_param("web_save_timestamp_param") 已成功  	[MsgId: MMSG-26392]
Action.c(53): 通知: 参数替换:参数“HttpCode”=“200”	[MsgId: MMSG-13992]
Action.c(33): 通知: 事务 "login" 已启动。	[MsgId: MMSG-16999]
Action.c(53): 通知: 参数替换:参数“code”=“s_bat231603_2_1_48”	[MsgId: MMSG-13992]
Action.c(35): 注册 web_reg_save_param 成功  	[MsgId: MMSG-26390]
Action.c(53): 通知: 参数替换:参数“username”=“s_bat231603_2_1_48”	[MsgId: MMSG-13992]
Action.c(36): 注册 web_reg_save_param 成功  	[MsgId: MMSG-26390]
Action.c(37): 注册 web_reg_save_param 成功  	[MsgId: MMSG-26390]
Action.c(54): 通知: 事务 "login" 以 "Pass" 状态结束 (持续时间: 0.0079 浪费的时间: 0.0001)。	[MsgId: MMSG-16871]
Action.c(39): 通知: 参数替换:参数“IP”=“192.168.130.65:8029”	[MsgId: MMSG-13992]
正在结束操作 Action。	[MsgId: MMSG-15918]
Action.c(39): 通知: 参数替换:参数“timeStamp”=“1563870678147”	[MsgId: MMSG-13992]
正在结束迭代 22。	[MsgId: MMSG-15965]
Action.c(39): 通知: 参数替换:参数“loginId”=“dXNlcm5hbWU9c19iYXQyMzE2MDNfMl8xXzUwJnBhc3N3b3JkPTEyMzQ1Ng==”	[MsgId: MMSG-13992]
正在开始迭代 23。	[MsgId: MMSG-15968]
正在开始迭代 1。	[MsgId: MMSG-15968]
通知: 参数 IP = 1 [表 = IP] 的下一行。	[MsgId: MMSG-13876]
通知: 正在获取参数“IP”的新值:表 =“IP.dat”列 =“0”行 =“1”。	[MsgId: MMSG-13877]
通知: 参数 password = 1 [表 = password] 的下一行。	[MsgId: MMSG-13876]
正在开始操作 Action。	[MsgId: MMSG-15919]
通知: 正在获取参数“password”的新值:表 =“password.dat”列 =“0”行 =“1”。	[MsgId: MMSG-13877]
正在开始操作 Action。	[MsgId: MMSG-15919]
Action.c(7): 通知: 参数替换:参数“username”=“s_bat231603_2_1_54”	[MsgId: MMSG-13992]
Action.c(7): 通知: 参数替换:参数“username”=“s_bat231603_2_1_48”	[MsgId: MMSG-13992]
Action.c(9): 通知: 参数替换:参数“password”=“123456”	[MsgId: MMSG-13992]
base64.h(42): 通知: 保存参数“loginId = dXNlcm5hbWU9c19iYXQyMzE2MDNfMl8xXzQ4JnBhc3N3b3JkPTEyMzQ1Ng==”。	[MsgId: MMSG-13798]
Action.c(11): 通知: 参数替换:参数“loginId”=“dXNlcm5hbWU9c19iYXQyMzE2MDNfMl8xXzQ4JnBhc3N3b3JkPTEyMzQ1Ng==”	[MsgId: MMSG-13992]
Action.c(11): loginId:dXNlcm5hbWU9c19iYXQyMzE2MDNfMl8xXzQ4JnBhc3N3b3JkPTEyMzQ1Ng==	[MsgId: MMSG-17999]
Action.c(9): 通知: 参数替换:参数“password”=“123456”	[MsgId: MMSG-13992]
Action.c(12): 通知: 保存参数“timeStamp = 1563870678148”。	[MsgId: MMSG-13798]
Action.c(12): web_save_timestamp_param("web_save_timestamp_param") 已成功  	[MsgId: MMSG-26392]
Action.c(33): 通知: 事务 "login" 已启动。	[MsgId: MMSG-16999]
Action.c(35): 注册 web_reg_save_param 成功  	[MsgId: MMSG-26390]
Action.c(36): 注册 web_reg_save_param 成功  	[MsgId: MMSG-26390]
base64.h(42): 通知: 保存参数“loginId = dXNlcm5hbWU9c19iYXQyMzE2MDNfMl8xXzU0JnBhc3N3b3JkPTEyMzQ1Ng==”。	[MsgId: MMSG-13798]
Action.c(37): 注册 web_reg_save_param 成功  	[MsgId: MMSG-26390]
Action.c(39): 通知: 参数替换:参数“IP”=“192.168.130.65:8029”	[MsgId: MMSG-13992]
Action.c(11): 通知: 参数替换:参数“loginId”=“dXNlcm5hbWU9c19iYXQyMzE2MDNfMl8xXzU0JnBhc3N3b3JkPTEyMzQ1Ng==”	[MsgId: MMSG-13992]
Action.c(39): 通知: 参数替换:参数“timeStamp”=“1563870678148”	[MsgId: MMSG-13992]
Action.c(11): loginId:dXNlcm5hbWU9c19iYXQyMzE2MDNfMl8xXzU0JnBhc3N3b3JkPTEyMzQ1Ng==	[MsgId: MMSG-17999]
Action.c(39): 通知: 参数替换:参数“loginId”=“dXNlcm5hbWU9c19iYXQyMzE2MDNfMl8xXzQ4JnBhc3N3b3JkPTEyMzQ1Ng==”	[MsgId: MMSG-13992]
Action.c(12): 通知: 保存参数“timeStamp = 1563870678148”。	[MsgId: MMSG-13798]
Action.c(12): web_save_timestamp_param("web_save_timestamp_param") 已成功  	[MsgId: MMSG-26392]
Action.c(33): 通知: 事务 "login" 已启动。	[MsgId: MMSG-16999]
Action.c(35): 注册 web_reg_save_param 成功  	[MsgId: MMSG-26390]
Action.c(36): 注册 web_reg_save_param 成功  	[MsgId: MMSG-26390]
Action.c(37): 注册 web_reg_save_param 成功  	[MsgId: MMSG-26390]
Action.c(39): 通知: 参数替换:参数“IP”=“192.168.130.65:8029”	[MsgId: MMSG-13992]
Action.c(39): 通知: 参数替换:参数“timeStamp”=“1563870678148”	[MsgId: MMSG-13992]
Action.c(39): 通知: 参数替换:参数“loginId”=“dXNlcm5hbWU9c19iYXQyMzE2MDNfMl8xXzU0JnBhc3N3b3JkPTEyMzQ1Ng==”	[MsgId: MMSG-13992]
Action.c(39): 通知: 保存参数“HttpCode = 200”。	[MsgId: MMSG-13798]
Action.c(7): 通知: 参数替换:参数“username”=“s_bat231603_2_1_44”	[MsgId: MMSG-13992]
Action.c(39): 通知: 保存参数“code = s_bat231603_2_1_49”。	[MsgId: MMSG-13798]
Action.c(9): 通知: 参数替换:参数“password”=“123456”	[MsgId: MMSG-13992]
base64.h(42): 通知: 保存参数“loginId = dXNlcm5hbWU9c19iYXQyMzE2MDNfMl8xXzQ0JnBhc3N3b3JkPTEyMzQ1Ng==”。	[MsgId: MMSG-13798]
Action.c(11): 通知: 参数替换:参数“loginId”=“dXNlcm5hbWU9c19iYXQyMzE2MDNfMl8xXzQ0JnBhc3N3b3JkPTEyMzQ1Ng==”	[MsgId: MMSG-13992]
Action.c(39): 通知: 保存参数“result = {"serverResult":{"resultCode":0,"resultMessage":null,"internalMessage":null},"userLoginInfo":{"uuid":null,"loginId":null,"password":null,"userId":"CCE0715600000000623","userType":"1","externalId":"s_bat231603_2骞寸骇1\xad49瀛","loginName":"s_bat231603_2_1_49","loginEmail":null,"loginMobile":null,"idCardNo":null,"staticPassword":"a83a68c6e9967731","createTime":1563869007549,"currentLoginTime":1563870677418,"lastLoginTime":1563870677410,"lastModifyTime":1563870677418,"isEduAdmin":"0","oldIsEduAdmin":null,"isResearch":null,"cloudzoneQrcodePath":null,"status":"1","lastLockedTime":null,"lastLoginFailedTime":null,"loginFailedCount":0,"passwordType":"1","isOnline":true,"realName":"s_bat231603_2骞寸骇1\xad49瀛","isLocked":false,"orgId":"TWDEVS1200000001487","orgType":null,"orgName":null,"orgEduInfo":null,"userLoginLogList":[{"logId":"CCE0715586412","userId":"CCE0715600000000623","ipAddress":null,"userName":"s_bat231603_2骞寸骇1\xad49瀛","systemNumber":null,"loginTime":1563870677426,"loginOutTime":null,"systemName":null,"deviceId":null}],"cashAmount":null,"redPacketAmount":null,"attrStatus":null,"portraitUrl":null,"portraitPath":null,"fileSize":null,"childId":null,"nickName":null,"integraValue":0.0,"imgUrl":null,"integra":null,"integralOperate":"1","classId":null,"grade":null,"sex":null,"fatherPhone":null,"fatherName":null,"motherPhone":null,"motherName":null,"appId":null,"teacherType":null,"loginToken":null,"decryptLoginName":null},"goToUrl":"page/student/main"}”。	[MsgId: MMSG-13798]
Action.c(11): loginId:dXNlcm5hbWU9c19iYXQyMzE2MDNfMl8xXzQ0JnBhc3N3b3JkPTEyMzQ1Ng==	[MsgId: MMSG-17999]
Action.c(39): web_submit_data("login") 已成功，1487 个正文字节，214 个标头字节，12 个成块开销字节  	[MsgId: MMSG-26385]
Action.c(12): 通知: 保存参数“timeStamp = 1563870678151”。	[MsgId: MMSG-13798]
Action.c(12): web_save_timestamp_param("web_save_timestamp_param") 已成功  	[MsgId: MMSG-26392]
Action.c(33): 通知: 事务 "login" 已启动。	[MsgId: MMSG-16999]
Action.c(35): 注册 web_reg_save_param 成功  	[MsgId: MMSG-26390]
Action.c(36): 注册 web_reg_save_param 成功  	[MsgId: MMSG-26390]
Action.c(37): 注册 web_reg_save_param 成功  	[MsgId: MMSG-26390]
Action.c(39): 通知: 参数替换:参数“IP”=“192.168.130.65:8029”	[MsgId: MMSG-13992]
Action.c(51): 通知: 参数替换:参数“result”=“{"serverResult":{"resultCode":0,"resultMessage":null,"internalMessage":null},"userLoginInfo":{"uuid":null,"loginId":null,"password":null,"userId":"CCE0715600000000623","userType":"1","externalId":"s_bat231603_2骞寸骇1\xad49瀛","loginName":"s_bat231603_2_1_49","loginEmail":null,"loginMobile":null,"idCardNo":null,"staticPassword":"a83a68c6e9967731","createTime":1563869007549,"currentLoginTime":1563870677418,"lastLoginTime":1563870677410,"lastModifyTime":1563870677418,"isEduAdmin":"0","oldIsEduAdmin":null,"isResearch":null,"cloudzoneQrcodePath":null,"status":"1","lastLockedTime":null,"lastLoginFailedTime":null,"loginFailedCount":0,"passwordType":"1","isOnline":true,"realName":"s_bat231603_2骞寸骇1\xad49瀛","isLocked":false,"orgId":"TWDEVS1200000001487","orgType":null,"orgName":null,"orgEduInfo":null,"userLoginLogList":[{"logId":"CCE0715586412","userId":"CCE0715600000000623","ipAddress":null,"userName":"s_bat231603_2骞寸骇1\xad49瀛","systemNumber":null,"loginTime":1563870677426,"loginOutTime":null,"systemName":null,"deviceId":null}],"cashAmount":null,"redPacketAmount":null,"attrStatus":null,"portraitUrl":null,"portraitPath":null,"fileSize":null,"childId":null,"nickName":null,"integraValue":0.0,"imgUrl":null,"integra":null,"integralOperate":"1","classId":null,"grade":null,"sex":null,"fatherPhone":null,"fatherName":null,"motherPhone":null,"motherName":null,"appId":null,"teacherType":null,"loginToken":null,"decryptLoginName":null},"goToUrl":"page/student/main"}”	[MsgId: MMSG-13992]
Action.c(39): 通知: 参数替换:参数“timeStamp”=“1563870678151”	[MsgId: MMSG-13992]
Action.c(39): 通知: 参数替换:参数“loginId”=“dXNlcm5hbWU9c19iYXQyMzE2MDNfMl8xXzQ0JnBhc3N3b3JkPTEyMzQ1Ng==”	[MsgId: MMSG-13992]
Action.c(51): 通知: 保存参数“result_convert = {"serverResult":{"resultCode":0,"resultMessage":null,"internalMessage":null},"userLoginInfo":{"uuid":null,"loginId":null,"password":null,"userId":"CCE0715600000000623","userType":"1","externalId":"s_bat231603_2年级1班49学生","loginName":"s_bat231603_2_1_49","loginEmail":null,"loginMobile":null,"idCardNo":null,"staticPassword":"a83a68c6e9967731","createTime":1563869007549,"currentLoginTime":1563870677418,"lastLoginTime":1563870677410,"lastModifyTime":1563870677418,"isEduAdmin":"0","oldIsEduAdmin":null,"isResearch":null,"cloudzoneQrcodePath":null,"status":"1","lastLockedTime":null,"lastLoginFailedTime":null,"loginFailedCount":0,"passwordType":"1","isOnline":true,"realName":"s_bat231603_2年级1班49学生","isLocked":false,"orgId":"TWDEVS1200000001487","orgType":null,"orgName":null,"orgEduInfo":null,"userLoginLogList":[{"logId":"CCE0715586412","userId":"CCE0715600000000623","ipAddress":null,"userName":"s_bat231603_2年级1班49学生","systemNumber":null,"loginTime":1563870677426,"loginOutTime":null,"systemName":null,"deviceId":null}],"cashAmount":null,"redPacketAmount":null,"attrStatus":null,"portraitUrl":null,"portraitPath":null,"fileSize":null,"childId":null,"nickName":null,"integraValue":0.0,"imgUrl":null,"integra":null,"integralOperate":"1","classId":null,"grade":null,"sex":null,"fatherPhone":null,"fatherName":null,"motherPhone":null,"motherName":null,"appId":null,"teacherType":null,"loginToken":null,"decryptLoginName":null},"goToUrl":"page/student/main"}\x00”。	[MsgId: MMSG-13798]
Action.c(53): 通知: 参数替换:参数“HttpCode”=“200”	[MsgId: MMSG-13992]
Action.c(53): 通知: 参数替换:参数“code”=“s_bat231603_2_1_49”	[MsgId: MMSG-13992]
Action.c(53): 通知: 参数替换:参数“username”=“s_bat231603_2_1_49”	[MsgId: MMSG-13992]
Action.c(54): 通知: 事务 "login" 以 "Pass" 状态结束 (持续时间: 0.0101 浪费的时间: 0.0001)。	[MsgId: MMSG-16871]
正在结束操作 Action。	[MsgId: MMSG-15918]
正在结束迭代 18。	[MsgId: MMSG-15965]
正在开始迭代 19。	[MsgId: MMSG-15968]
通知: 参数 IP = 1 [表 = IP] 的下一行。	[MsgId: MMSG-13876]
通知: 正在获取参数“IP”的新值:表 =“IP.dat”列 =“0”行 =“1”。	[MsgId: MMSG-13877]
通知: 参数 password = 1 [表 = password] 的下一行。	[MsgId: MMSG-13876]
通知: 正在获取参数“password”的新值:表 =“password.dat”列 =“0”行 =“1”。	[MsgId: MMSG-13877]
正在开始操作 Action。	[MsgId: MMSG-15919]
Action.c(7): 通知: 参数替换:参数“username”=“s_bat231603_2_1_49”	[MsgId: MMSG-13992]
Action.c(9): 通知: 参数替换:参数“password”=“123456”	[MsgId: MMSG-13992]
base64.h(42): 通知: 保存参数“loginId = dXNlcm5hbWU9c19iYXQyMzE2MDNfMl8xXzQ5JnBhc3N3b3JkPTEyMzQ1Ng==”。	[MsgId: MMSG-13798]
Action.c(11): 通知: 参数替换:参数“loginId”=“dXNlcm5hbWU9c19iYXQyMzE2MDNfMl8xXzQ5JnBhc3N3b3JkPTEyMzQ1Ng==”	[MsgId: MMSG-13992]
Action.c(11): loginId:dXNlcm5hbWU9c19iYXQyMzE2MDNfMl8xXzQ5JnBhc3N3b3JkPTEyMzQ1Ng==	[MsgId: MMSG-17999]
Action.c(12): 通知: 保存参数“timeStamp = 1563870678152”。	[MsgId: MMSG-13798]
Action.c(12): web_save_timestamp_param("web_save_timestamp_param") 已成功  	[MsgId: MMSG-26392]
Action.c(33): 通知: 事务 "login" 已启动。	[MsgId: MMSG-16999]
Action.c(35): 注册 web_reg_save_param 成功  	[MsgId: MMSG-26390]
Action.c(36): 注册 web_reg_save_param 成功  	[MsgId: MMSG-26390]
Action.c(37): 注册 web_reg_save_param 成功  	[MsgId: MMSG-26390]
Action.c(39): 通知: 参数替换:参数“IP”=“192.168.130.65:8029”	[MsgId: MMSG-13992]
Action.c(39): 通知: 参数替换:参数“timeStamp”=“1563870678152”	[MsgId: MMSG-13992]
Action.c(39): 通知: 参数替换:参数“loginId”=“dXNlcm5hbWU9c19iYXQyMzE2MDNfMl8xXzQ5JnBhc3N3b3JkPTEyMzQ1Ng==”	[MsgId: MMSG-13992]
Action.c(39): 通知: 保存参数“HttpCode = 200”。	[MsgId: MMSG-13798]
Action.c(39): 通知: 保存参数“code = s_bat231603_2_1_52”。	[MsgId: MMSG-13798]
Action.c(39): 通知: 保存参数“HttpCode = 200”。	[MsgId: MMSG-13798]
Action.c(39): 通知: 保存参数“code = s_bat231603_2_1_53”。	[MsgId: MMSG-13798]
Action.c(39): 通知: 保存参数“result = {"serverResult":{"resultCode":0,"resultMessage":null,"internalMessage":null},"userLoginInfo":{"uuid":null,"loginId":null,"password":null,"userId":"CCE0715600000000626","userType":"1","externalId":"s_bat231603_2骞寸骇1\xad52瀛","loginName":"s_bat231603_2_1_52","loginEmail":null,"loginMobile":null,"idCardNo":null,"staticPassword":"a83a68c6e9967731","createTime":1563869007557,"currentLoginTime":1563870677420,"lastLoginTime":1563870677409,"lastModifyTime":1563870677421,"isEduAdmin":"0","oldIsEduAdmin":null,"isResearch":null,"cloudzoneQrcodePath":null,"status":"1","lastLockedTime":null,"lastLoginFailedTime":null,"loginFailedCount":0,"passwordType":"1","isOnline":true,"realName":"s_bat231603_2骞寸骇1\xad52瀛","isLocked":false,"orgId":"TWDEVS1200000001487","orgType":null,"orgName":null,"orgEduInfo":null,"userLoginLogList":[{"logId":"CCE0715586427","userId":"CCE0715600000000626","ipAddress":null,"userName":"s_bat231603_2骞寸骇1\xad52瀛","systemNumber":null,"loginTime":1563870677430,"loginOutTime":null,"systemName":null,"deviceId":null}],"cashAmount":null,"redPacketAmount":null,"attrStatus":null,"portraitUrl":null,"portraitPath":null,"fileSize":null,"childId":null,"nickName":null,"integraValue":0.0,"imgUrl":null,"integra":null,"integralOperate":"1","classId":null,"grade":null,"sex":null,"fatherPhone":null,"fatherName":null,"motherPhone":null,"motherName":null,"appId":null,"teacherType":null,"loginToken":null,"decryptLoginName":null},"goToUrl":"page/student/main"}”。	[MsgId: MMSG-13798]
Action.c(39): 通知: 保存参数“result = {"serverResult":{"resultCode":0,"resultMessage":null,"internalMessage":null},"userLoginInfo":{"uuid":null,"loginId":null,"password":null,"userId":"CCE0715600000000627","userType":"1","externalId":"s_bat231603_2骞寸骇1\xad53瀛","loginName":"s_bat231603_2_1_53","loginEmail":null,"loginMobile":null,"idCardNo":null,"staticPassword":"a83a68c6e9967731","createTime":1563869007560,"currentLoginTime":1563870677420,"lastLoginTime":1563870677410,"lastModifyTime":1563870677420,"isEduAdmin":"0","oldIsEduAdmin":null,"isResearch":null,"cloudzoneQrcodePath":null,"status":"1","lastLockedTime":null,"lastLoginFailedTime":null,"loginFailedCount":0,"passwordType":"1","isOnline":true,"realName":"s_bat231603_2骞寸骇1\xad53瀛","isLocked":false,"orgId":"TWDEVS1200000001487","orgType":null,"orgName":null,"orgEduInfo":null,"userLoginLogList":[{"logId":"CCE0715586430","userId":"CCE0715600000000627","ipAddress":null,"userName":"s_bat231603_2骞寸骇1\xad53瀛","systemNumber":null,"loginTime":1563870677431,"loginOutTime":null,"systemName":null,"deviceId":null}],"cashAmount":null,"redPacketAmount":null,"attrStatus":null,"portraitUrl":null,"portraitPath":null,"fileSize":null,"childId":null,"nickName":null,"integraValue":0.0,"imgUrl":null,"integra":null,"integralOperate":"1","classId":null,"grade":null,"sex":null,"fatherPhone":null,"fatherName":null,"motherPhone":null,"motherName":null,"appId":null,"teacherType":null,"loginToken":null,"decryptLoginName":null},"goToUrl":"page/student/main"}”。	[MsgId: MMSG-13798]
Action.c(39): 通知: 保存参数“HttpCode = 200”。	[MsgId: MMSG-13798]
Action.c(39): 通知: 保存参数“code = s_bat231603_2_1_32”。	[MsgId: MMSG-13798]
Action.c(39): 通知: 保存参数“HttpCode = 200”。	[MsgId: MMSG-13798]
Action.c(39): web_submit_data("login") 已成功，1487 个正文字节，214 个标头字节，12 个成块开销字节  	[MsgId: MMSG-26385]
Action.c(39): web_submit_data("login") 已成功，1487 个正文字节，214 个标头字节，12 个成块开销字节  	[MsgId: MMSG-26385]
Action.c(39): 通知: 保存参数“code = s_bat231603_2_1_46”。	[MsgId: MMSG-13798]
Action.c(51): 通知: 参数替换:参数“result”=“{"serverResult":{"resultCode":0,"resultMessage":null,"internalMessage":null},"userLoginInfo":{"uuid":null,"loginId":null,"password":null,"userId":"CCE0715600000000627","userType":"1","externalId":"s_bat231603_2骞寸骇1\xad53瀛","loginName":"s_bat231603_2_1_53","loginEmail":null,"loginMobile":null,"idCardNo":null,"staticPassword":"a83a68c6e9967731","createTime":1563869007560,"currentLoginTime":1563870677420,"lastLoginTime":1563870677410,"lastModifyTime":1563870677420,"isEduAdmin":"0","oldIsEduAdmin":null,"isResearch":null,"cloudzoneQrcodePath":null,"status":"1","lastLockedTime":null,"lastLoginFailedTime":null,"loginFailedCount":0,"passwordType":"1","isOnline":true,"realName":"s_bat231603_2骞寸骇1\xad53瀛","isLocked":false,"orgId":"TWDEVS1200000001487","orgType":null,"orgName":null,"orgEduInfo":null,"userLoginLogList":[{"logId":"CCE0715586430","userId":"CCE0715600000000627","ipAddress":null,"userName":"s_bat231603_2骞寸骇1\xad53瀛","systemNumber":null,"loginTime":1563870677431,"loginOutTime":null,"systemName":null,"deviceId":null}],"cashAmount":null,"redPacketAmount":null,"attrStatus":null,"portraitUrl":null,"portraitPath":null,"fileSize":null,"childId":null,"nickName":null,"integraValue":0.0,"imgUrl":null,"integra":null,"integralOperate":"1","classId":null,"grade":null,"sex":null,"fatherPhone":null,"fatherName":null,"motherPhone":null,"motherName":null,"appId":null,"teacherType":null,"loginToken":null,"decryptLoginName":null},"goToUrl":"page/student/main"}”	[MsgId: MMSG-13992]
Action.c(51): 通知: 参数替换:参数“result”=“{"serverResult":{"resultCode":0,"resultMessage":null,"internalMessage":null},"userLoginInfo":{"uuid":null,"loginId":null,"password":null,"userId":"CCE0715600000000626","userType":"1","externalId":"s_bat231603_2骞寸骇1\xad52瀛","loginName":"s_bat231603_2_1_52","loginEmail":null,"loginMobile":null,"idCardNo":null,"staticPassword":"a83a68c6e9967731","createTime":1563869007557,"currentLoginTime":1563870677420,"lastLoginTime":1563870677409,"lastModifyTime":1563870677421,"isEduAdmin":"0","oldIsEduAdmin":null,"isResearch":null,"cloudzoneQrcodePath":null,"status":"1","lastLockedTime":null,"lastLoginFailedTime":null,"loginFailedCount":0,"passwordType":"1","isOnline":true,"realName":"s_bat231603_2骞寸骇1\xad52瀛","isLocked":false,"orgId":"TWDEVS1200000001487","orgType":null,"orgName":null,"orgEduInfo":null,"userLoginLogList":[{"logId":"CCE0715586427","userId":"CCE0715600000000626","ipAddress":null,"userName":"s_bat231603_2骞寸骇1\xad52瀛","systemNumber":null,"loginTime":1563870677430,"loginOutTime":null,"systemName":null,"deviceId":null}],"cashAmount":null,"redPacketAmount":null,"attrStatus":null,"portraitUrl":null,"portraitPath":null,"fileSize":null,"childId":null,"nickName":null,"integraValue":0.0,"imgUrl":null,"integra":null,"integralOperate":"1","classId":null,"grade":null,"sex":null,"fatherPhone":null,"fatherName":null,"motherPhone":null,"motherName":null,"appId":null,"teacherType":null,"loginToken":null,"decryptLoginName":null},"goToUrl":"page/student/main"}”	[MsgId: MMSG-13992]
Action.c(39): 通知: 保存参数“result = {"serverResult":{"resultCode":0,"resultMessage":null,"internalMessage":null},"userLoginInfo":{"uuid":null,"loginId":null,"password":null,"userId":"CCE0715600000000620","userType":"1","externalId":"s_bat231603_2骞寸骇1\xad46瀛","loginName":"s_bat231603_2_1_46","loginEmail":null,"loginMobile":null,"idCardNo":null,"staticPassword":"a83a68c6e9967731","createTime":1563869007541,"currentLoginTime":1563870677423,"lastLoginTime":1563870677410,"lastModifyTime":1563870677423,"isEduAdmin":"0","oldIsEduAdmin":null,"isResearch":null,"cloudzoneQrcodePath":null,"status":"1","lastLockedTime":null,"lastLoginFailedTime":null,"loginFailedCount":0,"passwordType":"1","isOnline":true,"realName":"s_bat231603_2骞寸骇1\xad46瀛","isLocked":false,"orgId":"TWDEVS1200000001487","orgType":null,"orgName":null,"orgEduInfo":null,"userLoginLogList":[{"logId":"CCE0715586431","userId":"CCE0715600000000620","ipAddress":null,"userName":"s_bat231603_2骞寸骇1\xad46瀛","systemNumber":null,"loginTime":1563870677431,"loginOutTime":null,"systemName":null,"deviceId":null}],"cashAmount":null,"redPacketAmount":null,"attrStatus":null,"portraitUrl":null,"portraitPath":null,"fileSize":null,"childId":null,"nickName":null,"integraValue":0.0,"imgUrl":null,"integra":null,"integralOperate":"1","classId":null,"grade":null,"sex":null,"fatherPhone":null,"fatherName":null,"motherPhone":null,"motherName":null,"appId":null,"teacherType":null,"loginToken":null,"decryptLoginName":null},"goToUrl":"page/student/main"}”。	[MsgId: MMSG-13798]
Action.c(39): 通知: 保存参数“HttpCode = 200”。	[MsgId: MMSG-13798]
Action.c(39): web_submit_data("login") 已成功，1487 个正文字节，214 个标头字节，12 个成块开销字节  	[MsgId: MMSG-26385]
Action.c(39): 通知: 保存参数“result = {"serverResult":{"resultCode":0,"resultMessage":null,"internalMessage":null},"userLoginInfo":{"uuid":null,"loginId":null,"password":null,"userId":"CCE0715600000000606","userType":"1","externalId":"s_bat231603_2骞寸骇1\xad32瀛","loginName":"s_bat231603_2_1_32","loginEmail":null,"loginMobile":null,"idCardNo":null,"staticPassword":"a83a68c6e9967731","createTime":1563869007501,"currentLoginTime":1563870677421,"lastLoginTime":1563870677413,"lastModifyTime":1563870677421,"isEduAdmin":"0","oldIsEduAdmin":null,"isResearch":null,"cloudzoneQrcodePath":null,"status":"1","lastLockedTime":null,"lastLoginFailedTime":null,"loginFailedCount":0,"passwordType":"1","isOnline":true,"realName":"s_bat231603_2骞寸骇1\xad32瀛","isLocked":false,"orgId":"TWDEVS1200000001487","orgType":null,"orgName":null,"orgEduInfo":null,"userLoginLogList":[{"logId":"CCE0715586429","userId":"CCE0715600000000606","ipAddress":null,"userName":"s_bat231603_2骞寸骇1\xad32瀛","systemNumber":null,"loginTime":1563870677431,"loginOutTime":null,"systemName":null,"deviceId":null}],"cashAmount":null,"redPacketAmount":null,"attrStatus":null,"portraitUrl":null,"portraitPath":null,"fileSize":null,"childId":null,"nickName":null,"integraValue":0.0,"imgUrl":null,"integra":null,"integralOperate":"1","classId":null,"grade":null,"sex":null,"fatherPhone":null,"fatherName":null,"motherPhone":null,"motherName":null,"appId":null,"teacherType":null,"loginToken":null,"decryptLoginName":null},"goToUrl":"page/student/main"}”。	[MsgId: MMSG-13798]
Action.c(39): 通知: 保存参数“code = s_bat231603_2_1_51”。	[MsgId: MMSG-13798]
Action.c(51): 通知: 保存参数“result_convert = {"serverResult":{"resultCode":0,"resultMessage":null,"internalMessage":null},"userLoginInfo":{"uuid":null,"loginId":null,"password":null,"userId":"CCE0715600000000626","userType":"1","externalId":"s_bat231603_2年级1班52学生","loginName":"s_bat231603_2_1_52","loginEmail":null,"loginMobile":null,"idCardNo":null,"staticPassword":"a83a68c6e9967731","createTime":1563869007557,"currentLoginTime":1563870677420,"lastLoginTime":1563870677409,"lastModifyTime":1563870677421,"isEduAdmin":"0","oldIsEduAdmin":null,"isResearch":null,"cloudzoneQrcodePath":null,"status":"1","lastLockedTime":null,"lastLoginFailedTime":null,"loginFailedCount":0,"passwordType":"1","isOnline":true,"realName":"s_bat231603_2年级1班52学生","isLocked":false,"orgId":"TWDEVS1200000001487","orgType":null,"orgName":null,"orgEduInfo":null,"userLoginLogList":[{"logId":"CCE0715586427","userId":"CCE0715600000000626","ipAddress":null,"userName":"s_bat231603_2年级1班52学生","systemNumber":null,"loginTime":1563870677430,"loginOutTime":null,"systemName":null,"deviceId":null}],"cashAmount":null,"redPacketAmount":null,"attrStatus":null,"portraitUrl":null,"portraitPath":null,"fileSize":null,"childId":null,"nickName":null,"integraValue":0.0,"imgUrl":null,"integra":null,"integralOperate":"1","classId":null,"grade":null,"sex":null,"fatherPhone":null,"fatherName":null,"motherPhone":null,"motherName":null,"appId":null,"teacherType":null,"loginToken":null,"decryptLoginName":null},"goToUrl":"page/student/main"}\x00”。	[MsgId: MMSG-13798]
Action.c(51): 通知: 保存参数“result_convert = {"serverResult":{"resultCode":0,"resultMessage":null,"internalMessage":null},"userLoginInfo":{"uuid":null,"loginId":null,"password":null,"userId":"CCE0715600000000627","userType":"1","externalId":"s_bat231603_2年级1班53学生","loginName":"s_bat231603_2_1_53","loginEmail":null,"loginMobile":null,"idCardNo":null,"staticPassword":"a83a68c6e9967731","createTime":1563869007560,"currentLoginTime":1563870677420,"lastLoginTime":1563870677410,"lastModifyTime":1563870677420,"isEduAdmin":"0","oldIsEduAdmin":null,"isResearch":null,"cloudzoneQrcodePath":null,"status":"1","lastLockedTime":null,"lastLoginFailedTime":null,"loginFailedCount":0,"passwordType":"1","isOnline":true,"realName":"s_bat231603_2年级1班53学生","isLocked":false,"orgId":"TWDEVS1200000001487","orgType":null,"orgName":null,"orgEduInfo":null,"userLoginLogList":[{"logId":"CCE0715586430","userId":"CCE0715600000000627","ipAddress":null,"userName":"s_bat231603_2年级1班53学生","systemNumber":null,"loginTime":1563870677431,"loginOutTime":null,"systemName":null,"deviceId":null}],"cashAmount":null,"redPacketAmount":null,"attrStatus":null,"portraitUrl":null,"portraitPath":null,"fileSize":null,"childId":null,"nickName":null,"integraValue":0.0,"imgUrl":null,"integra":null,"integralOperate":"1","classId":null,"grade":null,"sex":null,"fatherPhone":null,"fatherName":null,"motherPhone":null,"motherName":null,"appId":null,"teacherType":null,"loginToken":null,"decryptLoginName":null},"goToUrl":"page/student/main"}\x00”。	[MsgId: MMSG-13798]
Action.c(51): 通知: 参数替换:参数“result”=“{"serverResult":{"resultCode":0,"resultMessage":null,"internalMessage":null},"userLoginInfo":{"uuid":null,"loginId":null,"password":null,"userId":"CCE0715600000000620","userType":"1","externalId":"s_bat231603_2骞寸骇1\xad46瀛","loginName":"s_bat231603_2_1_46","loginEmail":null,"loginMobile":null,"idCardNo":null,"staticPassword":"a83a68c6e9967731","createTime":1563869007541,"currentLoginTime":1563870677423,"lastLoginTime":1563870677410,"lastModifyTime":1563870677423,"isEduAdmin":"0","oldIsEduAdmin":null,"isResearch":null,"cloudzoneQrcodePath":null,"status":"1","lastLockedTime":null,"lastLoginFailedTime":null,"loginFailedCount":0,"passwordType":"1","isOnline":true,"realName":"s_bat231603_2骞寸骇1\xad46瀛","isLocked":false,"orgId":"TWDEVS1200000001487","orgType":null,"orgName":null,"orgEduInfo":null,"userLoginLogList":[{"logId":"CCE0715586431","userId":"CCE0715600000000620","ipAddress":null,"userName":"s_bat231603_2骞寸骇1\xad46瀛","systemNumber":null,"loginTime":1563870677431,"loginOutTime":null,"systemName":null,"deviceId":null}],"cashAmount":null,"redPacketAmount":null,"attrStatus":null,"portraitUrl":null,"portraitPath":null,"fileSize":null,"childId":null,"nickName":null,"integraValue":0.0,"imgUrl":null,"integra":null,"integralOperate":"1","classId":null,"grade":null,"sex":null,"fatherPhone":null,"fatherName":null,"motherPhone":null,"motherName":null,"appId":null,"teacherType":null,"loginToken":null,"decryptLoginName":null},"goToUrl":"page/student/main"}”	[MsgId: MMSG-13992]
Action.c(39): web_submit_data("login") 已成功，1487 个正文字节，214 个标头字节，12 个成块开销字节  	[MsgId: MMSG-26385]
Action.c(53): 通知: 参数替换:参数“HttpCode”=“200”	[MsgId: MMSG-13992]
Action.c(53): 通知: 参数替换:参数“HttpCode”=“200”	[MsgId: MMSG-13992]
Action.c(53): 通知: 参数替换:参数“code”=“s_bat231603_2_1_52”	[MsgId: MMSG-13992]
Action.c(53): 通知: 参数替换:参数“code”=“s_bat231603_2_1_53”	[MsgId: MMSG-13992]
Action.c(53): 通知: 参数替换:参数“username”=“s_bat231603_2_1_52”	[MsgId: MMSG-13992]
Action.c(53): 通知: 参数替换:参数“username”=“s_bat231603_2_1_53”	[MsgId: MMSG-13992]
Action.c(54): 通知: 事务 "login" 以 "Pass" 状态结束 (持续时间: 0.0095 浪费的时间: 0.0003)。	[MsgId: MMSG-16871]
Action.c(54): 通知: 事务 "login" 以 "Pass" 状态结束 (持续时间: 0.0082 浪费的时间: 0.0001)。	[MsgId: MMSG-16871]
正在结束操作 Action。	[MsgId: MMSG-15918]
正在结束操作 Action。	[MsgId: MMSG-15918]
正在结束迭代 8。	[MsgId: MMSG-15965]
正在结束迭代 4。	[MsgId: MMSG-15965]
正在开始迭代 9。	[MsgId: MMSG-15968]
正在开始迭代 5。	[MsgId: MMSG-15968]
Action.c(51): 通知: 参数替换:参数“result”=“{"serverResult":{"resultCode":0,"resultMessage":null,"internalMessage":null},"userLoginInfo":{"uuid":null,"loginId":null,"password":null,"userId":"CCE0715600000000606","userType":"1","externalId":"s_bat231603_2骞寸骇1\xad32瀛","loginName":"s_bat231603_2_1_32","loginEmail":null,"loginMobile":null,"idCardNo":null,"staticPassword":"a83a68c6e9967731","createTime":1563869007501,"currentLoginTime":1563870677421,"lastLoginTime":1563870677413,"lastModifyTime":1563870677421,"isEduAdmin":"0","oldIsEduAdmin":null,"isResearch":null,"cloudzoneQrcodePath":null,"status":"1","lastLockedTime":null,"lastLoginFailedTime":null,"loginFailedCount":0,"passwordType":"1","isOnline":true,"realName":"s_bat231603_2骞寸骇1\xad32瀛","isLocked":false,"orgId":"TWDEVS1200000001487","orgType":null,"orgName":null,"orgEduInfo":null,"userLoginLogList":[{"logId":"CCE0715586429","userId":"CCE0715600000000606","ipAddress":null,"userName":"s_bat231603_2骞寸骇1\xad32瀛","systemNumber":null,"loginTime":1563870677431,"loginOutTime":null,"systemName":null,"deviceId":null}],"cashAmount":null,"redPacketAmount":null,"attrStatus":null,"portraitUrl":null,"portraitPath":null,"fileSize":null,"childId":null,"nickName":null,"integraValue":0.0,"imgUrl":null,"integra":null,"integralOperate":"1","classId":null,"grade":null,"sex":null,"fatherPhone":null,"fatherName":null,"motherPhone":null,"motherName":null,"appId":null,"teacherType":null,"loginToken":null,"decryptLoginName":null},"goToUrl":"page/student/main"}”	[MsgId: MMSG-13992]
Action.c(39): 通知: 保存参数“result = {"serverResult":{"resultCode":0,"resultMessage":null,"internalMessage":null},"userLoginInfo":{"uuid":null,"loginId":null,"password":null,"userId":"CCE0715600000000625","userType":"1","externalId":"s_bat231603_2骞寸骇1\xad51瀛","loginName":"s_bat231603_2_1_51","loginEmail":null,"loginMobile":null,"idCardNo":null,"staticPassword":"a83a68c6e9967731","createTime":1563869007554,"currentLoginTime":1563870677421,"lastLoginTime":1563870677411,"lastModifyTime":1563870677421,"isEduAdmin":"0","oldIsEduAdmin":null,"isResearch":null,"cloudzoneQrcodePath":null,"status":"1","lastLockedTime":null,"lastLoginFailedTime":null,"loginFailedCount":0,"passwordType":"1","isOnline":true,"realName":"s_bat231603_2骞寸骇1\xad51瀛","isLocked":false,"orgId":"TWDEVS1200000001487","orgType":null,"orgName":null,"orgEduInfo":null,"userLoginLogList":[{"logId":"CCE0715586428","userId":"CCE0715600000000625","ipAddress":null,"userName":"s_bat231603_2骞寸骇1\xad51瀛","systemNumber":null,"loginTime":1563870677431,"loginOutTime":null,"systemName":null,"deviceId":null}],"cashAmount":null,"redPacketAmount":null,"attrStatus":null,"portraitUrl":null,"portraitPath":null,"fileSize":null,"childId":null,"nickName":null,"integraValue":0.0,"imgUrl":null,"integra":null,"integralOperate":"1","classId":null,"grade":null,"sex":null,"fatherPhone":null,"fatherName":null,"motherPhone":null,"motherName":null,"appId":null,"teacherType":null,"loginToken":null,"decryptLoginName":null},"goToUrl":"page/student/main"}”。	[MsgId: MMSG-13798]
通知: 参数 IP = 1 [表 = IP] 的下一行。	[MsgId: MMSG-13876]
Action.c(51): 通知: 保存参数“result_convert = {"serverResult":{"resultCode":0,"resultMessage":null,"internalMessage":null},"userLoginInfo":{"uuid":null,"loginId":null,"password":null,"userId":"CCE0715600000000620","userType":"1","externalId":"s_bat231603_2年级1班46学生","loginName":"s_bat231603_2_1_46","loginEmail":null,"loginMobile":null,"idCardNo":null,"staticPassword":"a83a68c6e9967731","createTime":1563869007541,"currentLoginTime":1563870677423,"lastLoginTime":1563870677410,"lastModifyTime":1563870677423,"isEduAdmin":"0","oldIsEduAdmin":null,"isResearch":null,"cloudzoneQrcodePath":null,"status":"1","lastLockedTime":null,"lastLoginFailedTime":null,"loginFailedCount":0,"passwordType":"1","isOnline":true,"realName":"s_bat231603_2年级1班46学生","isLocked":false,"orgId":"TWDEVS1200000001487","orgType":null,"orgName":null,"orgEduInfo":null,"userLoginLogList":[{"logId":"CCE0715586431","userId":"CCE0715600000000620","ipAddress":null,"userName":"s_bat231603_2年级1班46学生","systemNumber":null,"loginTime":1563870677431,"loginOutTime":null,"systemName":null,"deviceId":null}],"cashAmount":null,"redPacketAmount":null,"attrStatus":null,"portraitUrl":null,"portraitPath":null,"fileSize":null,"childId":null,"nickName":null,"integraValue":0.0,"imgUrl":null,"integra":null,"integralOperate":"1","classId":null,"grade":null,"sex":null,"fatherPhone":null,"fatherName":null,"motherPhone":null,"motherName":null,"appId":null,"teacherType":null,"loginToken":null,"decryptLoginName":null},"goToUrl":"page/student/main"}\x00”。	[MsgId: MMSG-13798]
通知: 正在获取参数“IP”的新值:表 =“IP.dat”列 =“0”行 =“1”。	[MsgId: MMSG-13877]
通知: 参数 IP = 1 [表 = IP] 的下一行。	[MsgId: MMSG-13876]
通知: 参数 password = 1 [表 = password] 的下一行。	[MsgId: MMSG-13876]
通知: 正在获取参数“password”的新值:表 =“password.dat”列 =“0”行 =“1”。	[MsgId: MMSG-13877]
通知: 正在获取参数“IP”的新值:表 =“IP.dat”列 =“0”行 =“1”。	[MsgId: MMSG-13877]
正在开始操作 Action。	[MsgId: MMSG-15919]
通知: 参数 password = 1 [表 = password] 的下一行。	[MsgId: MMSG-13876]
通知: 正在获取参数“password”的新值:表 =“password.dat”列 =“0”行 =“1”。	[MsgId: MMSG-13877]
Action.c(7): 通知: 参数替换:参数“username”=“s_bat231603_2_1_52”	[MsgId: MMSG-13992]
正在开始操作 Action。	[MsgId: MMSG-15919]
Action.c(51): 通知: 保存参数“result_convert = {"serverResult":{"resultCode":0,"resultMessage":null,"internalMessage":null},"userLoginInfo":{"uuid":null,"loginId":null,"password":null,"userId":"CCE0715600000000606","userType":"1","externalId":"s_bat231603_2年级1班32学生","loginName":"s_bat231603_2_1_32","loginEmail":null,"loginMobile":null,"idCardNo":null,"staticPassword":"a83a68c6e9967731","createTime":1563869007501,"currentLoginTime":1563870677421,"lastLoginTime":1563870677413,"lastModifyTime":1563870677421,"isEduAdmin":"0","oldIsEduAdmin":null,"isResearch":null,"cloudzoneQrcodePath":null,"status":"1","lastLockedTime":null,"lastLoginFailedTime":null,"loginFailedCount":0,"passwordType":"1","isOnline":true,"realName":"s_bat231603_2年级1班32学生","isLocked":false,"orgId":"TWDEVS1200000001487","orgType":null,"orgName":null,"orgEduInfo":null,"userLoginLogList":[{"logId":"CCE0715586429","userId":"CCE0715600000000606","ipAddress":null,"userName":"s_bat231603_2年级1班32学生","systemNumber":null,"loginTime":1563870677431,"loginOutTime":null,"systemName":null,"deviceId":null}],"cashAmount":null,"redPacketAmount":null,"attrStatus":null,"portraitUrl":null,"portraitPath":null,"fileSize":null,"childId":null,"nickName":null,"integraValue":0.0,"imgUrl":null,"integra":null,"integralOperate":"1","classId":null,"grade":null,"sex":null,"fatherPhone":null,"fatherName":null,"motherPhone":null,"motherName":null,"appId":null,"teacherType":null,"loginToken":null,"decryptLoginName":null},"goToUrl":"page/student/main"}\x00”。	[MsgId: MMSG-13798]
Action.c(9): 通知: 参数替换:参数“password”=“123456”	[MsgId: MMSG-13992]
Action.c(7): 通知: 参数替换:参数“username”=“s_bat231603_2_1_53”	[MsgId: MMSG-13992]
Action.c(39): 通知: 保存参数“HttpCode = 200”。	[MsgId: MMSG-13798]
Action.c(39): web_submit_data("login") 已成功，1487 个正文字节，214 个标头字节，12 个成块开销字节  	[MsgId: MMSG-26385]
Action.c(53): 通知: 参数替换:参数“HttpCode”=“200”	[MsgId: MMSG-13992]
Action.c(39): 通知: 保存参数“code = s_bat231603_2_1_54”。	[MsgId: MMSG-13798]
Action.c(53): 通知: 参数替换:参数“code”=“s_bat231603_2_1_32”	[MsgId: MMSG-13992]
Action.c(9): 通知: 参数替换:参数“password”=“123456”	[MsgId: MMSG-13992]
Action.c(53): 通知: 参数替换:参数“username”=“s_bat231603_2_1_32”	[MsgId: MMSG-13992]
base64.h(42): 通知: 保存参数“loginId = dXNlcm5hbWU9c19iYXQyMzE2MDNfMl8xXzUyJnBhc3N3b3JkPTEyMzQ1Ng==”。	[MsgId: MMSG-13798]
Action.c(11): 通知: 参数替换:参数“loginId”=“dXNlcm5hbWU9c19iYXQyMzE2MDNfMl8xXzUyJnBhc3N3b3JkPTEyMzQ1Ng==”	[MsgId: MMSG-13992]
Action.c(11): loginId:dXNlcm5hbWU9c19iYXQyMzE2MDNfMl8xXzUyJnBhc3N3b3JkPTEyMzQ1Ng==	[MsgId: MMSG-17999]
Action.c(54): 通知: 事务 "login" 以 "Pass" 状态结束 (持续时间: 0.0085 浪费的时间: 0.0001)。	[MsgId: MMSG-16871]
Action.c(51): 通知: 参数替换:参数“result”=“{"serverResult":{"resultCode":0,"resultMessage":null,"internalMessage":null},"userLoginInfo":{"uuid":null,"loginId":null,"password":null,"userId":"CCE0715600000000625","userType":"1","externalId":"s_bat231603_2骞寸骇1\xad51瀛","loginName":"s_bat231603_2_1_51","loginEmail":null,"loginMobile":null,"idCardNo":null,"staticPassword":"a83a68c6e9967731","createTime":1563869007554,"currentLoginTime":1563870677421,"lastLoginTime":1563870677411,"lastModifyTime":1563870677421,"isEduAdmin":"0","oldIsEduAdmin":null,"isResearch":null,"cloudzoneQrcodePath":null,"status":"1","lastLockedTime":null,"lastLoginFailedTime":null,"loginFailedCount":0,"passwordType":"1","isOnline":true,"realName":"s_bat231603_2骞寸骇1\xad51瀛","isLocked":false,"orgId":"TWDEVS1200000001487","orgType":null,"orgName":null,"orgEduInfo":null,"userLoginLogList":[{"logId":"CCE0715586428","userId":"CCE0715600000000625","ipAddress":null,"userName":"s_bat231603_2骞寸骇1\xad51瀛","systemNumber":null,"loginTime":1563870677431,"loginOutTime":null,"systemName":null,"deviceId":null}],"cashAmount":null,"redPacketAmount":null,"attrStatus":null,"portraitUrl":null,"portraitPath":null,"fileSize":null,"childId":null,"nickName":null,"integraValue":0.0,"imgUrl":null,"integra":null,"integralOperate":"1","classId":null,"grade":null,"sex":null,"fatherPhone":null,"fatherName":null,"motherPhone":null,"motherName":null,"appId":null,"teacherType":null,"loginToken":null,"decryptLoginName":null},"goToUrl":"page/student/main"}”	[MsgId: MMSG-13992]
base64.h(42): 通知: 保存参数“loginId = dXNlcm5hbWU9c19iYXQyMzE2MDNfMl8xXzUzJnBhc3N3b3JkPTEyMzQ1Ng==”。	[MsgId: MMSG-13798]
正在结束操作 Action。	[MsgId: MMSG-15918]
Action.c(11): 通知: 参数替换:参数“loginId”=“dXNlcm5hbWU9c19iYXQyMzE2MDNfMl8xXzUzJnBhc3N3b3JkPTEyMzQ1Ng==”	[MsgId: MMSG-13992]
Action.c(39): 通知: 保存参数“result = {"serverResult":{"resultCode":0,"resultMessage":null,"internalMessage":null},"userLoginInfo":{"uuid":null,"loginId":null,"password":null,"userId":"CCE0715600000000628","userType":"1","externalId":"s_bat231603_2骞寸骇1\xad54瀛","loginName":"s_bat231603_2_1_54","loginEmail":null,"loginMobile":null,"idCardNo":null,"staticPassword":"a83a68c6e9967731","createTime":1563869007562,"currentLoginTime":null,"lastLoginTime":null,"lastModifyTime":1563869007562,"isEduAdmin":"0","oldIsEduAdmin":null,"isResearch":null,"cloudzoneQrcodePath":null,"status":"1","lastLockedTime":null,"lastLoginFailedTime":null,"loginFailedCount":0,"passwordType":"1","isOnline":false,"realName":"s_bat231603_2骞寸骇1\xad54瀛","isLocked":false,"orgId":"TWDEVS1200000001487","orgType":null,"orgName":null,"orgEduInfo":null,"userLoginLogList":[{"logId":"CCE0715586433","userId":"CCE0715600000000628","ipAddress":null,"userName":"s_bat231603_2骞寸骇1\xad54瀛","systemNumber":null,"loginTime":1563870677433,"loginOutTime":null,"systemName":null,"deviceId":null}],"cashAmount":null,"redPacketAmount":null,"attrStatus":null,"portraitUrl":null,"portraitPath":null,"fileSize":null,"childId":null,"nickName":null,"integraValue":0.0,"imgUrl":null,"integra":null,"integralOperate":"1","classId":null,"grade":null,"sex":null,"fatherPhone":null,"fatherName":null,"motherPhone":null,"motherName":null,"appId":null,"teacherType":null,"loginToken":null,"decryptLoginName":null},"goToUrl":"page/student/main"}”。	[MsgId: MMSG-13798]
Action.c(11): loginId:dXNlcm5hbWU9c19iYXQyMzE2MDNfMl8xXzUzJnBhc3N3b3JkPTEyMzQ1Ng==	[MsgId: MMSG-17999]
正在结束迭代 28。	[MsgId: MMSG-15965]
Action.c(12): 通知: 保存参数“timeStamp = 1563870678155”。	[MsgId: MMSG-13798]
正在开始迭代 29。	[MsgId: MMSG-15968]
Action.c(12): web_save_timestamp_param("web_save_timestamp_param") 已成功  	[MsgId: MMSG-26392]
Action.c(12): 通知: 保存参数“timeStamp = 1563870678155”。	[MsgId: MMSG-13798]
Action.c(12): web_save_timestamp_param("web_save_timestamp_param") 已成功  	[MsgId: MMSG-26392]
Action.c(33): 通知: 事务 "login" 已启动。	[MsgId: MMSG-16999]
通知: 参数 IP = 1 [表 = IP] 的下一行。	[MsgId: MMSG-13876]
Action.c(33): 通知: 事务 "login" 已启动。	[MsgId: MMSG-16999]
Action.c(35): 注册 web_reg_save_param 成功  	[MsgId: MMSG-26390]
通知: 正在获取参数“IP”的新值:表 =“IP.dat”列 =“0”行 =“1”。	[MsgId: MMSG-13877]
Action.c(35): 注册 web_reg_save_param 成功  	[MsgId: MMSG-26390]
Action.c(36): 注册 web_reg_save_param 成功  	[MsgId: MMSG-26390]
Action.c(37): 注册 web_reg_save_param 成功  	[MsgId: MMSG-26390]
Action.c(36): 注册 web_reg_save_param 成功  	[MsgId: MMSG-26390]
通知: 参数 password = 1 [表 = password] 的下一行。	[MsgId: MMSG-13876]
Action.c(39): web_submit_data("login") 已成功，1470 个正文字节，214 个标头字节，12 个成块开销字节  	[MsgId: MMSG-26385]
Action.c(37): 注册 web_reg_save_param 成功  	[MsgId: MMSG-26390]
通知: 正在获取参数“password”的新值:表 =“password.dat”列 =“0”行 =“1”。	[MsgId: MMSG-13877]
Action.c(39): 通知: 参数替换:参数“IP”=“192.168.130.65:8029”	[MsgId: MMSG-13992]
正在开始操作 Action。	[MsgId: MMSG-15919]
Action.c(39): 通知: 参数替换:参数“timeStamp”=“1563870678155”	[MsgId: MMSG-13992]
Action.c(39): 通知: 参数替换:参数“IP”=“192.168.130.65:8029”	[MsgId: MMSG-13992]
Action.c(51): 通知: 保存参数“result_convert = {"serverResult":{"resultCode":0,"resultMessage":null,"internalMessage":null},"userLoginInfo":{"uuid":null,"loginId":null,"password":null,"userId":"CCE0715600000000625","userType":"1","externalId":"s_bat231603_2年级1班51学生","loginName":"s_bat231603_2_1_51","loginEmail":null,"loginMobile":null,"idCardNo":null,"staticPassword":"a83a68c6e9967731","createTime":1563869007554,"currentLoginTime":1563870677421,"lastLoginTime":1563870677411,"lastModifyTime":1563870677421,"isEduAdmin":"0","oldIsEduAdmin":null,"isResearch":null,"cloudzoneQrcodePath":null,"status":"1","lastLockedTime":null,"lastLoginFailedTime":null,"loginFailedCount":0,"passwordType":"1","isOnline":true,"realName":"s_bat231603_2年级1班51学生","isLocked":false,"orgId":"TWDEVS1200000001487","orgType":null,"orgName":null,"orgEduInfo":null,"userLoginLogList":[{"logId":"CCE0715586428","userId":"CCE0715600000000625","ipAddress":null,"userName":"s_bat231603_2年级1班51学生","systemNumber":null,"loginTime":1563870677431,"loginOutTime":null,"systemName":null,"deviceId":null}],"cashAmount":null,"redPacketAmount":null,"attrStatus":null,"portraitUrl":null,"portraitPath":null,"fileSize":null,"childId":null,"nickName":null,"integraValue":0.0,"imgUrl":null,"integra":null,"integralOperate":"1","classId":null,"grade":null,"sex":null,"fatherPhone":null,"fatherName":null,"motherPhone":null,"motherName":null,"appId":null,"teacherType":null,"loginToken":null,"decryptLoginName":null},"goToUrl":"page/student/main"}\x00”。	[MsgId: MMSG-13798]
Action.c(39): 通知: 参数替换:参数“timeStamp”=“1563870678155”	[MsgId: MMSG-13992]
Action.c(7): 通知: 参数替换:参数“username”=“s_bat231603_2_1_32”	[MsgId: MMSG-13992]
Action.c(39): 通知: 参数替换:参数“loginId”=“dXNlcm5hbWU9c19iYXQyMzE2MDNfMl8xXzUyJnBhc3N3b3JkPTEyMzQ1Ng==”	[MsgId: MMSG-13992]
Action.c(9): 通知: 参数替换:参数“password”=“123456”	[MsgId: MMSG-13992]
Action.c(39): 通知: 参数替换:参数“loginId”=“dXNlcm5hbWU9c19iYXQyMzE2MDNfMl8xXzUzJnBhc3N3b3JkPTEyMzQ1Ng==”	[MsgId: MMSG-13992]
Action.c(53): 通知: 参数替换:参数“HttpCode”=“200”	[MsgId: MMSG-13992]
Action.c(53): 通知: 参数替换:参数“code”=“s_bat231603_2_1_51”	[MsgId: MMSG-13992]
base64.h(42): 通知: 保存参数“loginId = dXNlcm5hbWU9c19iYXQyMzE2MDNfMl8xXzMyJnBhc3N3b3JkPTEyMzQ1Ng==”。	[MsgId: MMSG-13798]
Action.c(53): 通知: 参数替换:参数“username”=“s_bat231603_2_1_51”	[MsgId: MMSG-13992]
Action.c(11): 通知: 参数替换:参数“loginId”=“dXNlcm5hbWU9c19iYXQyMzE2MDNfMl8xXzMyJnBhc3N3b3JkPTEyMzQ1Ng==”	[MsgId: MMSG-13992]
Action.c(54): 通知: 事务 "login" 以 "Pass" 状态结束 (持续时间: 0.0108 浪费的时间: 0.0001)。	[MsgId: MMSG-16871]
Action.c(11): loginId:dXNlcm5hbWU9c19iYXQyMzE2MDNfMl8xXzMyJnBhc3N3b3JkPTEyMzQ1Ng==	[MsgId: MMSG-17999]
正在结束操作 Action。	[MsgId: MMSG-15918]
Action.c(51): 通知: 参数替换:参数“result”=“{"serverResult":{"resultCode":0,"resultMessage":null,"internalMessage":null},"userLoginInfo":{"uuid":null,"loginId":null,"password":null,"userId":"CCE0715600000000628","userType":"1","externalId":"s_bat231603_2骞寸骇1\xad54瀛","loginName":"s_bat231603_2_1_54","loginEmail":null,"loginMobile":null,"idCardNo":null,"staticPassword":"a83a68c6e9967731","createTime":1563869007562,"currentLoginTime":null,"lastLoginTime":null,"lastModifyTime":1563869007562,"isEduAdmin":"0","oldIsEduAdmin":null,"isResearch":null,"cloudzoneQrcodePath":null,"status":"1","lastLockedTime":null,"lastLoginFailedTime":null,"loginFailedCount":0,"passwordType":"1","isOnline":false,"realName":"s_bat231603_2骞寸骇1\xad54瀛","isLocked":false,"orgId":"TWDEVS1200000001487","orgType":null,"orgName":null,"orgEduInfo":null,"userLoginLogList":[{"logId":"CCE0715586433","userId":"CCE0715600000000628","ipAddress":null,"userName":"s_bat231603_2骞寸骇1\xad54瀛","systemNumber":null,"loginTime":1563870677433,"loginOutTime":null,"systemName":null,"deviceId":null}],"cashAmount":null,"redPacketAmount":null,"attrStatus":null,"portraitUrl":null,"portraitPath":null,"fileSize":null,"childId":null,"nickName":null,"integraValue":0.0,"imgUrl":null,"integra":null,"integralOperate":"1","classId":null,"grade":null,"sex":null,"fatherPhone":null,"fatherName":null,"motherPhone":null,"motherName":null,"appId":null,"teacherType":null,"loginToken":null,"decryptLoginName":null},"goToUrl":"page/student/main"}”	[MsgId: MMSG-13992]
Action.c(12): 通知: 保存参数“timeStamp = 1563870678156”。	[MsgId: MMSG-13798]
正在结束迭代 8。	[MsgId: MMSG-15965]
Action.c(12): web_save_timestamp_param("web_save_timestamp_param") 已成功  	[MsgId: MMSG-26392]
正在开始迭代 9。	[MsgId: MMSG-15968]
Action.c(33): 通知: 事务 "login" 已启动。	[MsgId: MMSG-16999]
Action.c(35): 注册 web_reg_save_param 成功  	[MsgId: MMSG-26390]
Action.c(36): 注册 web_reg_save_param 成功  	[MsgId: MMSG-26390]
通知: 参数 IP = 1 [表 = IP] 的下一行。	[MsgId: MMSG-13876]
Action.c(37): 注册 web_reg_save_param 成功  	[MsgId: MMSG-26390]
通知: 正在获取参数“IP”的新值:表 =“IP.dat”列 =“0”行 =“1”。	[MsgId: MMSG-13877]
Action.c(39): 通知: 参数替换:参数“IP”=“192.168.130.65:8029”	[MsgId: MMSG-13992]
通知: 参数 password = 1 [表 = password] 的下一行。	[MsgId: MMSG-13876]
Action.c(39): 通知: 参数替换:参数“timeStamp”=“1563870678156”	[MsgId: MMSG-13992]
Action.c(39): 通知: 参数替换:参数“loginId”=“dXNlcm5hbWU9c19iYXQyMzE2MDNfMl8xXzMyJnBhc3N3b3JkPTEyMzQ1Ng==”	[MsgId: MMSG-13992]
通知: 正在获取参数“password”的新值:表 =“password.dat”列 =“0”行 =“1”。	[MsgId: MMSG-13877]
正在开始操作 Action。	[MsgId: MMSG-15919]
Action.c(51): 错误: C 解释器运行时错误: Action.c (51):  Error -- memory violation : Exception ACCESS_VIOLATION received。	[MsgId: MERR-19890]
Action.c(7): 通知: 参数替换:参数“username”=“s_bat231603_2_1_51”	[MsgId: MMSG-13992]
Action.c(51): 通知: 保存参数“result_convert = {"serverResult":{"resultCode":0,"resultMessage":null,"internalMessage":null},"userLoginInfo":{"uuid":null,"loginId":null,"password":null,"userId":"CCE0715600000000628","userType":"1","externalId":"s_bat231603_2年级1班54学生","loginName":"s_bat231603_2_1_54","loginEmail":null,"loginMobile":null,"idCardNo":null,"staticPassword":"a83a68c6e9967731","createTime":1563869007562,"currentLoginTime":null,"lastLoginTime":null,"lastModifyTime":1563869007562,"isEduAdmin":"0","oldIsEduAdmin":null,"isResearch":null,"cloudzoneQrcodePath":null,"status":"1","lastLockedTime":null,"lastLoginFailedTime":null,"loginFailedCount":0,"passwordType":"1","isOnline":false,"realName":"s_bat231603_2年级1班54学生","isLocked":false,"orgId":"TWDEVS1200000001487","orgType":null,"orgName":null,"orgEduInfo":null,"userLoginLogList":[{"logId":"CCE0715586433","userId":"CCE0715600000000628","ipAddress":null,"userName":"s_bat231603_2年级1班54学生","systemNumber":null,"loginTime":1563870677433,"loginOutTime":null,"systemName":null,"deviceId":null}],"cashAmount":null,"redPacketAmount":null,"attrStatus":null,"portraitUrl":null,"portraitPath":null,"fileSize":null,"childId":null,"nickName":null,"integraValue":0.0,"imgUrl":null,"integra":null,"integralOperate":"1","classId":null,"grade":null,"sex":null,"fatherPhone":null,"fatherName":null,"motherPhone":null,"motherName":null,"appId":null,"teacherType":null,"loginToken":null,"decryptLoginName":null},"goToUrl":"page/student/main"}\x00”。	[MsgId: MMSG-13798]
Action.c(51): 通知: CCI 跟踪: Action.c(51): lr_convert_string_encoding(0x144449e0 "{"serverResult":{"resultCode":0,"resultM...", 0x035f0bb5 "utf-8", 0x00000000, 0x035f0ba6 "result_convert")
.	[MsgId: MMSG-19891]
Action.c(9): 通知: 参数替换:参数“password”=“123456”	[MsgId: MMSG-13992]
Action.c(51): 通知: CCI 跟踪: Compiled_code(0): Action()
.	[MsgId: MMSG-19891]
Action.c(39): 通知: 保存参数“HttpCode = 200”。	[MsgId: MMSG-13798]
Action.c(39): 通知: 保存参数“code = s_bat231603_2_1_48”。	[MsgId: MMSG-13798]
Action.c(53): 通知: 参数替换:参数“HttpCode”=“200”	[MsgId: MMSG-13992]
Action.c(53): 通知: 参数替换:参数“code”=“s_bat231603_2_1_54”	[MsgId: MMSG-13992]
base64.h(42): 通知: 保存参数“loginId = dXNlcm5hbWU9c19iYXQyMzE2MDNfMl8xXzUxJnBhc3N3b3JkPTEyMzQ1Ng==”。	[MsgId: MMSG-13798]
Action.c(53): 通知: 参数替换:参数“username”=“s_bat231603_2_1_54”	[MsgId: MMSG-13992]
Action.c(11): 通知: 参数替换:参数“loginId”=“dXNlcm5hbWU9c19iYXQyMzE2MDNfMl8xXzUxJnBhc3N3b3JkPTEyMzQ1Ng==”	[MsgId: MMSG-13992]
Action.c(54): 通知: 事务 "login" 以 "Pass" 状态结束 (持续时间: 0.0082 浪费的时间: 0.0001)。	[MsgId: MMSG-16871]
正在结束操作 Action。	[MsgId: MMSG-15918]
Action.c(11): loginId:dXNlcm5hbWU9c19iYXQyMzE2MDNfMl8xXzUxJnBhc3N3b3JkPTEyMzQ1Ng==	[MsgId: MMSG-17999]
正在结束迭代 1。	[MsgId: MMSG-15965]
Action.c(12): 通知: 保存参数“timeStamp = 1563870678156”。	[MsgId: MMSG-13798]
Action.c(39): 通知: 保存参数“result = {"serverResult":{"resultCode":0,"resultMessage":null,"internalMessage":null},"userLoginInfo":{"uuid":null,"loginId":null,"password":null,"userId":"CCE0715600000000622","userType":"1","externalId":"s_bat231603_2骞寸骇1\xad48瀛","loginName":"s_bat231603_2_1_48","loginEmail":null,"loginMobile":null,"idCardNo":null,"staticPassword":"a83a68c6e9967731","createTime":1563869007546,"currentLoginTime":1563870677423,"lastLoginTime":1563870677415,"lastModifyTime":1563870677423,"isEduAdmin":"0","oldIsEduAdmin":null,"isResearch":null,"cloudzoneQrcodePath":null,"status":"1","lastLockedTime":null,"lastLoginFailedTime":null,"loginFailedCount":0,"passwordType":"1","isOnline":true,"realName":"s_bat231603_2骞寸骇1\xad48瀛","isLocked":false,"orgId":"TWDEVS1200000001487","orgType":null,"orgName":null,"orgEduInfo":null,"userLoginLogList":[{"logId":"CCE0715586434","userId":"CCE0715600000000622","ipAddress":null,"userName":"s_bat231603_2骞寸骇1\xad48瀛","systemNumber":null,"loginTime":1563870677433,"loginOutTime":null,"systemName":null,"deviceId":null}],"cashAmount":null,"redPacketAmount":null,"attrStatus":null,"portraitUrl":null,"portraitPath":null,"fileSize":null,"childId":null,"nickName":null,"integraValue":0.0,"imgUrl":null,"integra":null,"integralOperate":"1","classId":null,"grade":null,"sex":null,"fatherPhone":null,"fatherName":null,"motherPhone":null,"motherName":null,"appId":null,"teacherType":null,"loginToken":null,"decryptLoginName":null},"goToUrl":"page/student/main"}”。	[MsgId: MMSG-13798]
正在开始迭代 2。	[MsgId: MMSG-15968]
Action.c(12): web_save_timestamp_param("web_save_timestamp_param") 已成功  	[MsgId: MMSG-26392]
Action.c(33): 通知: 事务 "login" 已启动。	[MsgId: MMSG-16999]
通知: 参数 IP = 1 [表 = IP] 的下一行。	[MsgId: MMSG-13876]
Action.c(35): 注册 web_reg_save_param 成功  	[MsgId: MMSG-26390]
Action.c(36): 注册 web_reg_save_param 成功  	[MsgId: MMSG-26390]
通知: 正在获取参数“IP”的新值:表 =“IP.dat”列 =“0”行 =“1”。	[MsgId: MMSG-13877]
Action.c(37): 注册 web_reg_save_param 成功  	[MsgId: MMSG-26390]
通知: 参数 password = 1 [表 = password] 的下一行。	[MsgId: MMSG-13876]
通知: 正在获取参数“password”的新值:表 =“password.dat”列 =“0”行 =“1”。	[MsgId: MMSG-13877]
Action.c(39): 通知: 参数替换:参数“IP”=“192.168.130.65:8029”	[MsgId: MMSG-13992]
正在开始操作 Action。	[MsgId: MMSG-15919]
Action.c(39): 通知: 参数替换:参数“timeStamp”=“1563870678156”	[MsgId: MMSG-13992]
Action.c(39): web_submit_data("login") 已成功，1487 个正文字节，214 个标头字节，12 个成块开销字节  	[MsgId: MMSG-26385]
Action.c(7): 通知: 参数替换:参数“username”=“s_bat231603_2_1_54”	[MsgId: MMSG-13992]
Action.c(39): 通知: 参数替换:参数“loginId”=“dXNlcm5hbWU9c19iYXQyMzE2MDNfMl8xXzUxJnBhc3N3b3JkPTEyMzQ1Ng==”	[MsgId: MMSG-13992]
Action.c(9): 通知: 参数替换:参数“password”=“123456”	[MsgId: MMSG-13992]
base64.h(42): 通知: 保存参数“loginId = dXNlcm5hbWU9c19iYXQyMzE2MDNfMl8xXzU0JnBhc3N3b3JkPTEyMzQ1Ng==”。	[MsgId: MMSG-13798]
Action.c(39): 通知: 保存参数“HttpCode = 200”。	[MsgId: MMSG-13798]
Action.c(39): 通知: 保存参数“code = s_bat231603_2_1_50”。	[MsgId: MMSG-13798]
Action.c(11): 通知: 参数替换:参数“loginId”=“dXNlcm5hbWU9c19iYXQyMzE2MDNfMl8xXzU0JnBhc3N3b3JkPTEyMzQ1Ng==”	[MsgId: MMSG-13992]
Action.c(11): loginId:dXNlcm5hbWU9c19iYXQyMzE2MDNfMl8xXzU0JnBhc3N3b3JkPTEyMzQ1Ng==	[MsgId: MMSG-17999]
Action.c(51): 通知: 参数替换:参数“result”=“{"serverResult":{"resultCode":0,"resultMessage":null,"internalMessage":null},"userLoginInfo":{"uuid":null,"loginId":null,"password":null,"userId":"CCE0715600000000622","userType":"1","externalId":"s_bat231603_2骞寸骇1\xad48瀛","loginName":"s_bat231603_2_1_48","loginEmail":null,"loginMobile":null,"idCardNo":null,"staticPassword":"a83a68c6e9967731","createTime":1563869007546,"currentLoginTime":1563870677423,"lastLoginTime":1563870677415,"lastModifyTime":1563870677423,"isEduAdmin":"0","oldIsEduAdmin":null,"isResearch":null,"cloudzoneQrcodePath":null,"status":"1","lastLockedTime":null,"lastLoginFailedTime":null,"loginFailedCount":0,"passwordType":"1","isOnline":true,"realName":"s_bat231603_2骞寸骇1\xad48瀛","isLocked":false,"orgId":"TWDEVS1200000001487","orgType":null,"orgName":null,"orgEduInfo":null,"userLoginLogList":[{"logId":"CCE0715586434","userId":"CCE0715600000000622","ipAddress":null,"userName":"s_bat231603_2骞寸骇1\xad48瀛","systemNumber":null,"loginTime":1563870677433,"loginOutTime":null,"systemName":null,"deviceId":null}],"cashAmount":null,"redPacketAmount":null,"attrStatus":null,"portraitUrl":null,"portraitPath":null,"fileSize":null,"childId":null,"nickName":null,"integraValue":0.0,"imgUrl":null,"integra":null,"integralOperate":"1","classId":null,"grade":null,"sex":null,"fatherPhone":null,"fatherName":null,"motherPhone":null,"motherName":null,"appId":null,"teacherType":null,"loginToken":null,"decryptLoginName":null},"goToUrl":"page/student/main"}”	[MsgId: MMSG-13992]
Action.c(12): 通知: 保存参数“timeStamp = 1563870678157”。	[MsgId: MMSG-13798]
Action.c(12): web_save_timestamp_param("web_save_timestamp_param") 已成功  	[MsgId: MMSG-26392]
Action.c(33): 通知: 事务 "login" 已启动。	[MsgId: MMSG-16999]
Action.c(35): 注册 web_reg_save_param 成功  	[MsgId: MMSG-26390]
Action.c(39): 通知: 保存参数“result = {"serverResult":{"resultCode":0,"resultMessage":null,"internalMessage":null},"userLoginInfo":{"uuid":null,"loginId":null,"password":null,"userId":"CCE0715600000000624","userType":"1","externalId":"s_bat231603_2骞寸骇1\xad50瀛","loginName":"s_bat231603_2_1_50","loginEmail":null,"loginMobile":null,"idCardNo":null,"staticPassword":"a83a68c6e9967731","createTime":1563869007551,"currentLoginTime":1563870677423,"lastLoginTime":1563870677414,"lastModifyTime":1563870677423,"isEduAdmin":"0","oldIsEduAdmin":null,"isResearch":null,"cloudzoneQrcodePath":null,"status":"1","lastLockedTime":null,"lastLoginFailedTime":null,"loginFailedCount":0,"passwordType":"1","isOnline":true,"realName":"s_bat231603_2骞寸骇1\xad50瀛","isLocked":false,"orgId":"TWDEVS1200000001487","orgType":null,"orgName":null,"orgEduInfo":null,"userLoginLogList":[{"logId":"CCE0715586432","userId":"CCE0715600000000624","ipAddress":null,"userName":"s_bat231603_2骞寸骇1\xad50瀛","systemNumber":null,"loginTime":1563870677433,"loginOutTime":null,"systemName":null,"deviceId":null}],"cashAmount":null,"redPacketAmount":null,"attrStatus":null,"portraitUrl":null,"portraitPath":null,"fileSize":null,"childId":null,"nickName":null,"integraValue":0.0,"imgUrl":null,"integra":null,"integralOperate":"1","classId":null,"grade":null,"sex":null,"fatherPhone":null,"fatherName":null,"motherPhone":null,"motherName":null,"appId":null,"teacherType":null,"loginToken":null,"decryptLoginName":null},"goToUrl":"page/student/main"}”。	[MsgId: MMSG-13798]
Action.c(36): 注册 web_reg_save_param 成功  	[MsgId: MMSG-26390]
Action.c(37): 注册 web_reg_save_param 成功  	[MsgId: MMSG-26390]
Action.c(39): 通知: 参数替换:参数“IP”=“192.168.130.65:8029”	[MsgId: MMSG-13992]
Action.c(39): 通知: 参数替换:参数“timeStamp”=“1563870678157”	[MsgId: MMSG-13992]
Action.c(39): 通知: 参数替换:参数“loginId”=“dXNlcm5hbWU9c19iYXQyMzE2MDNfMl8xXzU0JnBhc3N3b3JkPTEyMzQ1Ng==”	[MsgId: MMSG-13992]
Action.c(51): 通知: 保存参数“result_convert = {"serverResult":{"resultCode":0,"resultMessage":null,"internalMessage":null},"userLoginInfo":{"uuid":null,"loginId":null,"password":null,"userId":"CCE0715600000000622","userType":"1","externalId":"s_bat231603_2年级1班48学生","loginName":"s_bat231603_2_1_48","loginEmail":null,"loginMobile":null,"idCardNo":null,"staticPassword":"a83a68c6e9967731","createTime":1563869007546,"currentLoginTime":1563870677423,"lastLoginTime":1563870677415,"lastModifyTime":1563870677423,"isEduAdmin":"0","oldIsEduAdmin":null,"isResearch":null,"cloudzoneQrcodePath":null,"status":"1","lastLockedTime":null,"lastLoginFailedTime":null,"loginFailedCount":0,"passwordType":"1","isOnline":true,"realName":"s_bat231603_2年级1班48学生","isLocked":false,"orgId":"TWDEVS1200000001487","orgType":null,"orgName":null,"orgEduInfo":null,"userLoginLogList":[{"logId":"CCE0715586434","userId":"CCE0715600000000622","ipAddress":null,"userName":"s_bat231603_2年级1班48学生","systemNumber":null,"loginTime":1563870677433,"loginOutTime":null,"systemName":null,"deviceId":null}],"cashAmount":null,"redPacketAmount":null,"attrStatus":null,"portraitUrl":null,"portraitPath":null,"fileSize":null,"childId":null,"nickName":null,"integraValue":0.0,"imgUrl":null,"integra":null,"integralOperate":"1","classId":null,"grade":null,"sex":null,"fatherPhone":null,"fatherName":null,"motherPhone":null,"motherName":null,"appId":null,"teacherType":null,"loginToken":null,"decryptLoginName":null},"goToUrl":"page/student/main"}\x00”。	[MsgId: MMSG-13798]
Action.c(53): 通知: 参数替换:参数“HttpCode”=“200”	[MsgId: MMSG-13992]
Action.c(53): 通知: 参数替换:参数“code”=“s_bat231603_2_1_48”	[MsgId: MMSG-13992]
Action.c(53): 通知: 参数替换:参数“username”=“s_bat231603_2_1_48”	[MsgId: MMSG-13992]
Action.c(39): web_submit_data("login") 已成功，1487 个正文字节，214 个标头字节，12 个成块开销字节  	[MsgId: MMSG-26385]
Action.c(54): 通知: 事务 "login" 以 "Pass" 状态结束 (持续时间: 0.0096 浪费的时间: 0.0001)。	[MsgId: MMSG-16871]
正在结束操作 Action。	[MsgId: MMSG-15918]
正在结束迭代 23。	[MsgId: MMSG-15965]
正在开始迭代 24。	[MsgId: MMSG-15968]
通知: 参数 IP = 1 [表 = IP] 的下一行。	[MsgId: MMSG-13876]
通知: 正在获取参数“IP”的新值:表 =“IP.dat”列 =“0”行 =“1”。	[MsgId: MMSG-13877]
Action.c(51): 通知: 参数替换:参数“result”=“{"serverResult":{"resultCode":0,"resultMessage":null,"internalMessage":null},"userLoginInfo":{"uuid":null,"loginId":null,"password":null,"userId":"CCE0715600000000624","userType":"1","externalId":"s_bat231603_2骞寸骇1\xad50瀛","loginName":"s_bat231603_2_1_50","loginEmail":null,"loginMobile":null,"idCardNo":null,"staticPassword":"a83a68c6e9967731","createTime":1563869007551,"currentLoginTime":1563870677423,"lastLoginTime":1563870677414,"lastModifyTime":1563870677423,"isEduAdmin":"0","oldIsEduAdmin":null,"isResearch":null,"cloudzoneQrcodePath":null,"status":"1","lastLockedTime":null,"lastLoginFailedTime":null,"loginFailedCount":0,"passwordType":"1","isOnline":true,"realName":"s_bat231603_2骞寸骇1\xad50瀛","isLocked":false,"orgId":"TWDEVS1200000001487","orgType":null,"orgName":null,"orgEduInfo":null,"userLoginLogList":[{"logId":"CCE0715586432","userId":"CCE0715600000000624","ipAddress":null,"userName":"s_bat231603_2骞寸骇1\xad50瀛","systemNumber":null,"loginTime":1563870677433,"loginOutTime":null,"systemName":null,"deviceId":null}],"cashAmount":null,"redPacketAmount":null,"attrStatus":null,"portraitUrl":null,"portraitPath":null,"fileSize":null,"childId":null,"nickName":null,"integraValue":0.0,"imgUrl":null,"integra":null,"integralOperate":"1","classId":null,"grade":null,"sex":null,"fatherPhone":null,"fatherName":null,"motherPhone":null,"motherName":null,"appId":null,"teacherType":null,"loginToken":null,"decryptLoginName":null},"goToUrl":"page/student/main"}”	[MsgId: MMSG-13992]
通知: 参数 password = 1 [表 = password] 的下一行。	[MsgId: MMSG-13876]
通知: 正在获取参数“password”的新值:表 =“password.dat”列 =“0”行 =“1”。	[MsgId: MMSG-13877]
正在开始操作 Action。	[MsgId: MMSG-15919]
